Started GET "/" for 127.0.0.1 at 2020-05-10 16:42:58 -0300
  [1m[35m (1.3ms)[0m  [1m[34mSELECT sqlite_version(*)[0m
Processing by Rails::WelcomeController#index as HTML
  Rendering /home/alexandre/.rbenv/versions/2.7.1/lib/ruby/gems/2.7.0/gems/railties-6.0.3/lib/rails/templates/rails/welcome/index.html.erb
  Rendered /home/alexandre/.rbenv/versions/2.7.1/lib/ruby/gems/2.7.0/gems/railties-6.0.3/lib/rails/templates/rails/welcome/index.html.erb (Duration: 18.5ms | Allocations: 406)
Completed 200 OK in 29ms (Views: 21.5ms | ActiveRecord: 0.0ms | Allocations: 2336)


Started GET "/" for 127.0.0.1 at 2020-05-10 16:43:41 -0300
Processing by Rails::WelcomeController#index as HTML
  Rendering /home/alexandre/.rbenv/versions/2.7.1/lib/ruby/gems/2.7.0/gems/railties-6.0.3/lib/rails/templates/rails/welcome/index.html.erb
  Rendered /home/alexandre/.rbenv/versions/2.7.1/lib/ruby/gems/2.7.0/gems/railties-6.0.3/lib/rails/templates/rails/welcome/index.html.erb (Duration: 5.1ms | Allocations: 184)
Completed 200 OK in 7ms (Views: 5.8ms | ActiveRecord: 0.0ms | Allocations: 785)


Started GET "/" for 127.0.0.1 at 2020-05-10 16:46:27 -0300
  [1m[35m (0.1ms)[0m  [1m[34mSELECT sqlite_version(*)[0m
  
TypeError (superclass must be a Class (Module given)):
  
app/controllers/home_controller.rb:1:in `<main>'
Started GET "/" for 127.0.0.1 at 2020-05-10 16:46:41 -0300
  [1m[35m (0.1ms)[0m  [1m[34mSELECT sqlite_version(*)[0m
  
TypeError (superclass must be a Class (Module given)):
  
app/controllers/home_controller.rb:1:in `<main>'
Started GET "/" for 127.0.0.1 at 2020-05-10 16:47:23 -0300
  [1m[35m (0.1ms)[0m  [1m[34mSELECT sqlite_version(*)[0m
Processing by HomeController#index as HTML
Completed 406 Not Acceptable in 3ms (ActiveRecord: 0.0ms | Allocations: 1853)


  
ActionController::MissingExactTemplate (HomeController#index is missing a template for request formats: text/html):
  
actionpack (6.0.3) lib/action_controller/metal/implicit_render.rb:45:in `default_render'
actionpack (6.0.3) lib/action_controller/metal/basic_implicit_render.rb:6:in `block in send_action'
actionpack (6.0.3) lib/action_controller/metal/basic_implicit_render.rb:6:in `tap'
actionpack (6.0.3) lib/action_controller/metal/basic_implicit_render.rb:6:in `send_action'
actionpack (6.0.3) lib/abstract_controller/base.rb:195:in `process_action'
actionpack (6.0.3) lib/action_controller/metal/rendering.rb:30:in `process_action'
actionpack (6.0.3) lib/abstract_controller/callbacks.rb:42:in `block in process_action'
activesupport (6.0.3) lib/active_support/callbacks.rb:135:in `run_callbacks'
actionpack (6.0.3) lib/abstract_controller/callbacks.rb:41:in `process_action'
actionpack (6.0.3) lib/action_controller/metal/rescue.rb:22:in `process_action'
actionpack (6.0.3) lib/action_controller/metal/instrumentation.rb:33:in `block in process_action'
activesupport (6.0.3) lib/active_support/notifications.rb:180:in `block in instrument'
activesupport (6.0.3) lib/active_support/notifications/instrumenter.rb:24:in `instrument'
activesupport (6.0.3) lib/active_support/notifications.rb:180:in `instrument'
actionpack (6.0.3) lib/action_controller/metal/instrumentation.rb:32:in `process_action'
actionpack (6.0.3) lib/action_controller/metal/params_wrapper.rb:245:in `process_action'
activerecord (6.0.3) lib/active_record/railties/controller_runtime.rb:27:in `process_action'
actionpack (6.0.3) lib/abstract_controller/base.rb:136:in `process'
actionview (6.0.3) lib/action_view/rendering.rb:39:in `process'
actionpack (6.0.3) lib/action_controller/metal.rb:190:in `dispatch'
actionpack (6.0.3) lib/action_controller/metal.rb:254:in `dispatch'
actionpack (6.0.3) lib/action_dispatch/routing/route_set.rb:50:in `dispatch'
actionpack (6.0.3) lib/action_dispatch/routing/route_set.rb:33:in `serve'
actionpack (6.0.3) lib/action_dispatch/journey/router.rb:49:in `block in serve'
actionpack (6.0.3) lib/action_dispatch/journey/router.rb:32:in `each'
actionpack (6.0.3) lib/action_dispatch/journey/router.rb:32:in `serve'
actionpack (6.0.3) lib/action_dispatch/routing/route_set.rb:834:in `call'
rack (2.2.2) lib/rack/tempfile_reaper.rb:15:in `call'
rack (2.2.2) lib/rack/etag.rb:27:in `call'
rack (2.2.2) lib/rack/conditional_get.rb:27:in `call'
rack (2.2.2) lib/rack/head.rb:12:in `call'
actionpack (6.0.3) lib/action_dispatch/http/content_security_policy.rb:18:in `call'
rack (2.2.2) lib/rack/session/abstract/id.rb:266:in `context'
rack (2.2.2) lib/rack/session/abstract/id.rb:260:in `call'
actionpack (6.0.3) lib/action_dispatch/middleware/cookies.rb:648:in `call'
activerecord (6.0.3) lib/active_record/migration.rb:567:in `call'
actionpack (6.0.3) lib/action_dispatch/middleware/callbacks.rb:27:in `block in call'
activesupport (6.0.3) lib/active_support/callbacks.rb:101:in `run_callbacks'
actionpack (6.0.3) lib/action_dispatch/middleware/callbacks.rb:26:in `call'
actionpack (6.0.3) lib/action_dispatch/middleware/executor.rb:14:in `call'
actionpack (6.0.3) lib/action_dispatch/middleware/actionable_exceptions.rb:17:in `call'
actionpack (6.0.3) lib/action_dispatch/middleware/debug_exceptions.rb:32:in `call'
web-console (4.0.2) lib/web_console/middleware.rb:132:in `call_app'
web-console (4.0.2) lib/web_console/middleware.rb:28:in `block in call'
web-console (4.0.2) lib/web_console/middleware.rb:17:in `catch'
web-console (4.0.2) lib/web_console/middleware.rb:17:in `call'
actionpack (6.0.3) lib/action_dispatch/middleware/show_exceptions.rb:33:in `call'
railties (6.0.3) lib/rails/rack/logger.rb:37:in `call_app'
railties (6.0.3) lib/rails/rack/logger.rb:26:in `block in call'
activesupport (6.0.3) lib/active_support/tagged_logging.rb:80:in `block in tagged'
activesupport (6.0.3) lib/active_support/tagged_logging.rb:28:in `tagged'
activesupport (6.0.3) lib/active_support/tagged_logging.rb:80:in `tagged'
railties (6.0.3) lib/rails/rack/logger.rb:26:in `call'
sprockets-rails (3.2.1) lib/sprockets/rails/quiet_assets.rb:13:in `call'
actionpack (6.0.3) lib/action_dispatch/middleware/remote_ip.rb:81:in `call'
actionpack (6.0.3) lib/action_dispatch/middleware/request_id.rb:27:in `call'
rack (2.2.2) lib/rack/method_override.rb:24:in `call'
rack (2.2.2) lib/rack/runtime.rb:22:in `call'
activesupport (6.0.3) lib/active_support/cache/strategy/local_cache_middleware.rb:29:in `call'
actionpack (6.0.3) lib/action_dispatch/middleware/executor.rb:14:in `call'
actionpack (6.0.3) lib/action_dispatch/middleware/static.rb:126:in `call'
rack (2.2.2) lib/rack/sendfile.rb:110:in `call'
actionpack (6.0.3) lib/action_dispatch/middleware/host_authorization.rb:82:in `call'
webpacker (4.2.2) lib/webpacker/dev_server_proxy.rb:23:in `perform_request'
rack-proxy (0.6.5) lib/rack/proxy.rb:57:in `call'
railties (6.0.3) lib/rails/engine.rb:527:in `call'
puma (4.3.3) lib/puma/configuration.rb:228:in `call'
puma (4.3.3) lib/puma/server.rb:682:in `handle_request'
puma (4.3.3) lib/puma/server.rb:472:in `process_client'
puma (4.3.3) lib/puma/server.rb:328:in `block in run'
puma (4.3.3) lib/puma/thread_pool.rb:134:in `block in spawn_thread'
Started GET "/" for 127.0.0.1 at 2020-05-10 16:47:50 -0300
Processing by HomeController#index as HTML
  Rendering home/index.html.erb within layouts/application
  Rendered home/index.html.erb within layouts/application (Duration: 21.6ms | Allocations: 6168)
[Webpacker] Compiling...
[Webpacker] Compiled all packs in /home/alexandre/Documents/treinadev-03/hunter_jobs/public/packs
[Webpacker] Hash: 15d1bb7b54cf6326b9ba
Version: webpack 4.43.0
Time: 1808ms
Built at: 05/10/2020 4:47:53 PM
                                     Asset       Size       Chunks                         Chunk Names
    js/application-9afcbb5693aa87623e69.js    124 KiB  application  [emitted] [immutable]  application
js/application-9afcbb5693aa87623e69.js.map    139 KiB  application  [emitted] [dev]        application
                             manifest.json  364 bytes               [emitted]              
Entrypoint application = js/application-9afcbb5693aa87623e69.js js/application-9afcbb5693aa87623e69.js.map
[./app/javascript/channels sync recursive _channel\.js$] ./app/javascript/channels sync _channel\.js$ 160 bytes {application} [built]
[./app/javascript/channels/index.js] 211 bytes {application} [built]
[./app/javascript/packs/application.js] 749 bytes {application} [built]
[./node_modules/webpack/buildin/module.js] (webpack)/buildin/module.js 552 bytes {application} [built]
    + 3 hidden modules

Completed 200 OK in 3073ms (Views: 3071.5ms | ActiveRecord: 0.0ms | Allocations: 20379)


Started GET "/" for 127.0.0.1 at 2020-05-10 16:48:36 -0300
  [1m[35m (0.1ms)[0m  [1m[34mSELECT sqlite_version(*)[0m
Processing by HomeController#index as HTML
  Rendering home/index.html.erb within layouts/application
  Rendered home/index.html.erb within layouts/application (Duration: 6.5ms | Allocations: 3379)
[Webpacker] Everything's up-to-date. Nothing to do
Completed 200 OK in 13ms (Views: 12.1ms | ActiveRecord: 0.0ms | Allocations: 6704)


Started GET "/" for 127.0.0.1 at 2020-05-10 16:53:20 -0300
  [1m[35m (0.3ms)[0m  [1m[34mSELECT sqlite_version(*)[0m
Processing by HomeController#index as HTML
  Rendering home/index.html.erb within layouts/application
  Rendered home/index.html.erb within layouts/application (Duration: 1.9ms | Allocations: 2491)
[Webpacker] Everything's up-to-date. Nothing to do
Completed 200 OK in 16ms (Views: 11.3ms | ActiveRecord: 0.0ms | Allocations: 8786)


Started GET "/" for 127.0.0.1 at 2020-05-10 16:53:28 -0300
Processing by HomeController#index as HTML
  Rendering home/index.html.erb within layouts/application
  Rendered home/index.html.erb within layouts/application (Duration: 0.5ms | Allocations: 97)
[Webpacker] Everything's up-to-date. Nothing to do
Completed 200 OK in 9ms (Views: 7.3ms | ActiveRecord: 0.0ms | Allocations: 4194)


Started GET "/" for 127.0.0.1 at 2020-05-10 16:53:49 -0300
Processing by HomeController#index as HTML
  Rendering home/index.html.erb within layouts/application
  Rendered home/index.html.erb within layouts/application (Duration: 0.1ms | Allocations: 16)
[Webpacker] Everything's up-to-date. Nothing to do
Completed 200 OK in 6ms (Views: 4.8ms | ActiveRecord: 0.0ms | Allocations: 3216)


Started GET "/" for 127.0.0.1 at 2020-05-10 16:54:03 -0300
Processing by HomeController#index as HTML
  Rendering home/index.html.erb within layouts/application
  Rendered home/index.html.erb within layouts/application (Duration: 0.3ms | Allocations: 96)
[Webpacker] Everything's up-to-date. Nothing to do
Completed 200 OK in 8ms (Views: 6.4ms | ActiveRecord: 0.0ms | Allocations: 4205)


Started GET "/" for 127.0.0.1 at 2020-05-10 16:54:28 -0300
Processing by HomeController#index as HTML
  Rendering home/index.html.erb within layouts/application
  Rendered home/index.html.erb within layouts/application (Duration: 0.5ms | Allocations: 96)
[Webpacker] Everything's up-to-date. Nothing to do
Completed 200 OK in 8ms (Views: 7.0ms | ActiveRecord: 0.0ms | Allocations: 4183)


Started GET "/" for 127.0.0.1 at 2020-05-10 16:55:15 -0300
Processing by HomeController#index as HTML
  Rendering home/index.html.erb within layouts/application
  Rendered home/index.html.erb within layouts/application (Duration: 0.4ms | Allocations: 96)
[Webpacker] Everything's up-to-date. Nothing to do
Completed 200 OK in 7ms (Views: 5.4ms | ActiveRecord: 0.0ms | Allocations: 4187)


Started GET "/" for 127.0.0.1 at 2020-05-10 16:55:43 -0300
Processing by HomeController#index as HTML
  Rendering home/index.html.erb within layouts/application
  Rendered home/index.html.erb within layouts/application (Duration: 0.4ms | Allocations: 96)
[Webpacker] Everything's up-to-date. Nothing to do
Completed 200 OK in 9ms (Views: 7.1ms | ActiveRecord: 0.0ms | Allocations: 4199)


Started GET "/" for 127.0.0.1 at 2020-05-10 16:57:15 -0300
Processing by HomeController#index as HTML
  Rendering home/index.html.erb within layouts/application
  Rendered home/index.html.erb within layouts/application (Duration: 0.6ms | Allocations: 99)
[Webpacker] Everything's up-to-date. Nothing to do
Completed 200 OK in 11ms (Views: 9.1ms | ActiveRecord: 0.0ms | Allocations: 4201)


Started GET "/" for 127.0.0.1 at 2020-05-10 16:57:16 -0300
Processing by HomeController#index as HTML
  Rendering home/index.html.erb within layouts/application
  Rendered home/index.html.erb within layouts/application (Duration: 0.1ms | Allocations: 15)
[Webpacker] Everything's up-to-date. Nothing to do
Completed 200 OK in 5ms (Views: 4.5ms | ActiveRecord: 0.0ms | Allocations: 3211)


Started GET "/" for 127.0.0.1 at 2020-05-10 16:57:40 -0300
  [1m[35m (0.3ms)[0m  [1m[34mSELECT sqlite_version(*)[0m
Processing by HomeController#index as HTML
  Rendering home/index.html.erb within layouts/application
  Rendered home/index.html.erb within layouts/application (Duration: 1.8ms | Allocations: 2491)
[Webpacker] Everything's up-to-date. Nothing to do
Completed 200 OK in 17ms (Views: 11.1ms | ActiveRecord: 0.0ms | Allocations: 8858)


Started GET "/" for 127.0.0.1 at 2020-05-10 16:58:00 -0300
Processing by HomeController#index as HTML
  Rendering home/index.html.erb within layouts/application
  Rendered home/index.html.erb within layouts/application (Duration: 0.5ms | Allocations: 97)
[Webpacker] Everything's up-to-date. Nothing to do
Completed 200 OK in 8ms (Views: 6.8ms | ActiveRecord: 0.0ms | Allocations: 4194)


Started GET "/" for 127.0.0.1 at 2020-05-10 16:58:36 -0300
Processing by HomeController#index as HTML
  Rendering home/index.html.erb within layouts/application
  Rendered home/index.html.erb within layouts/application (Duration: 0.4ms | Allocations: 97)
[Webpacker] Everything's up-to-date. Nothing to do
Completed 200 OK in 6ms (Views: 5.3ms | ActiveRecord: 0.0ms | Allocations: 4211)


Started GET "/" for 127.0.0.1 at 2020-05-10 16:58:42 -0300
Processing by HomeController#index as HTML
  Rendering home/index.html.erb within layouts/application
  Rendered home/index.html.erb within layouts/application (Duration: 0.5ms | Allocations: 97)
[Webpacker] Everything's up-to-date. Nothing to do
Completed 200 OK in 7ms (Views: 5.7ms | ActiveRecord: 0.0ms | Allocations: 4189)


Started GET "/" for 127.0.0.1 at 2020-05-10 16:58:43 -0300
Processing by HomeController#index as HTML
  Rendering home/index.html.erb within layouts/application
  Rendered home/index.html.erb within layouts/application (Duration: 0.1ms | Allocations: 16)
[Webpacker] Everything's up-to-date. Nothing to do
Completed 200 OK in 5ms (Views: 4.4ms | ActiveRecord: 0.0ms | Allocations: 3213)


Started GET "/" for 127.0.0.1 at 2020-05-10 16:58:53 -0300
Processing by HomeController#index as HTML
  Rendering home/index.html.erb within layouts/application
  Rendered home/index.html.erb within layouts/application (Duration: 0.4ms | Allocations: 96)
[Webpacker] Everything's up-to-date. Nothing to do
Completed 200 OK in 8ms (Views: 7.2ms | ActiveRecord: 0.0ms | Allocations: 4189)


Started GET "/" for 127.0.0.1 at 2020-05-10 16:59:23 -0300
  [1m[35m (0.7ms)[0m  [1m[34mSELECT sqlite_version(*)[0m
Processing by HomeController#index as HTML
  Rendering home/index.html.erb within layouts/application
  Rendered home/index.html.erb within layouts/application (Duration: 3.5ms | Allocations: 2491)
[Webpacker] Everything's up-to-date. Nothing to do
Completed 200 OK in 28ms (Views: 19.1ms | ActiveRecord: 0.0ms | Allocations: 8679)


Started GET "/" for 127.0.0.1 at 2020-05-10 16:59:26 -0300
Processing by HomeController#index as HTML
  Rendering home/index.html.erb within layouts/application
  Rendered home/index.html.erb within layouts/application (Duration: 0.1ms | Allocations: 16)
[Webpacker] Everything's up-to-date. Nothing to do
Completed 200 OK in 7ms (Views: 6.2ms | ActiveRecord: 0.0ms | Allocations: 3233)


Started GET "/" for 127.0.0.1 at 2020-05-10 16:59:40 -0300
Processing by HomeController#index as HTML
  Rendering home/index.html.erb within layouts/application
  Rendered home/index.html.erb within layouts/application (Duration: 0.1ms | Allocations: 16)
[Webpacker] Everything's up-to-date. Nothing to do
Completed 200 OK in 26ms (Views: 25.4ms | ActiveRecord: 0.0ms | Allocations: 3121)


Started GET "/" for 127.0.0.1 at 2020-05-10 17:00:34 -0300
Processing by HomeController#index as HTML
  Rendering home/index.html.erb within layouts/application
  Rendered home/index.html.erb within layouts/application (Duration: 0.5ms | Allocations: 96)
[Webpacker] Everything's up-to-date. Nothing to do
Completed 200 OK in 7ms (Views: 5.9ms | ActiveRecord: 0.0ms | Allocations: 4100)


Started GET "/" for 127.0.0.1 at 2020-05-10 17:01:15 -0300
Processing by HomeController#index as HTML
  Rendering home/index.html.erb within layouts/application
  Rendered home/index.html.erb within layouts/application (Duration: 0.5ms | Allocations: 96)
[Webpacker] Everything's up-to-date. Nothing to do
Completed 200 OK in 9ms (Views: 7.3ms | ActiveRecord: 0.0ms | Allocations: 4195)


Started GET "/" for 127.0.0.1 at 2020-05-10 17:01:29 -0300
Processing by HomeController#index as HTML
  Rendering home/index.html.erb within layouts/application
  Rendered home/index.html.erb within layouts/application (Duration: 0.1ms | Allocations: 15)
[Webpacker] Everything's up-to-date. Nothing to do
Completed 200 OK in 20ms (Views: 19.1ms | ActiveRecord: 0.0ms | Allocations: 3220)


Started GET "/" for 127.0.0.1 at 2020-05-10 17:01:58 -0300
  [1m[35m (0.1ms)[0m  [1m[34mSELECT sqlite_version(*)[0m
Processing by HomeController#index as HTML
  Rendering home/index.html.erb within layouts/application
  Rendered home/index.html.erb within layouts/application (Duration: 5.4ms | Allocations: 3172)
[Webpacker] Everything's up-to-date. Nothing to do
Completed 200 OK in 11ms (Views: 10.4ms | ActiveRecord: 0.0ms | Allocations: 6492)


Started GET "/" for 127.0.0.1 at 2020-05-10 17:02:47 -0300
Processing by HomeController#index as HTML
  Rendering home/index.html.erb within layouts/application
  Rendered home/index.html.erb within layouts/application (Duration: 0.1ms | Allocations: 16)
[Webpacker] Everything's up-to-date. Nothing to do
Completed 200 OK in 7ms (Views: 5.5ms | ActiveRecord: 0.0ms | Allocations: 3210)


Started GET "/" for 127.0.0.1 at 2020-05-10 17:03:12 -0300
  [1m[35m (0.4ms)[0m  [1m[34mSELECT sqlite_version(*)[0m
Processing by HomeController#index as HTML
  Rendering home/index.html.erb within layouts/application
  Rendered home/index.html.erb within layouts/application (Duration: 2.0ms | Allocations: 2491)
[Webpacker] Everything's up-to-date. Nothing to do
Completed 200 OK in 15ms (Views: 10.9ms | ActiveRecord: 0.0ms | Allocations: 8762)


Started GET "/" for 127.0.0.1 at 2020-05-10 17:05:50 -0300
  [1m[35m (0.5ms)[0m  [1m[34mSELECT sqlite_version(*)[0m
Processing by HomeController#index as HTML
  Rendering home/index.html.erb within layouts/application
  Rendered home/index.html.erb within layouts/application (Duration: 16.5ms | Allocations: 2491)
[Webpacker] Everything's up-to-date. Nothing to do
Completed 200 OK in 84ms (Views: 73.3ms | ActiveRecord: 0.0ms | Allocations: 8783)


Started GET "/" for 127.0.0.1 at 2020-05-10 17:05:59 -0300
Processing by HomeController#index as HTML
  Rendering home/index.html.erb within layouts/application
  Rendered home/index.html.erb within layouts/application (Duration: 0.1ms | Allocations: 16)
[Webpacker] Everything's up-to-date. Nothing to do
Completed 200 OK in 7ms (Views: 6.0ms | ActiveRecord: 0.0ms | Allocations: 3218)


Started GET "/" for 127.0.0.1 at 2020-05-10 17:06:01 -0300
Processing by HomeController#index as HTML
  Rendering home/index.html.erb within layouts/application
  Rendered home/index.html.erb within layouts/application (Duration: 0.2ms | Allocations: 16)
[Webpacker] Everything's up-to-date. Nothing to do
Completed 200 OK in 7ms (Views: 5.7ms | ActiveRecord: 0.0ms | Allocations: 3197)


Started GET "/" for 127.0.0.1 at 2020-05-10 17:07:52 -0300
Processing by HomeController#index as HTML
  Rendering home/index.html.erb within layouts/application
  Rendered home/index.html.erb within layouts/application (Duration: 36.6ms | Allocations: 3668)
[Webpacker] Everything's up-to-date. Nothing to do
Completed 200 OK in 44ms (Views: 43.2ms | ActiveRecord: 0.0ms | Allocations: 7670)


Started GET "/" for 127.0.0.1 at 2020-05-10 17:08:15 -0300
Processing by HomeController#index as HTML
  Rendering home/index.html.erb within layouts/application
  Rendered home/index.html.erb within layouts/application (Duration: 1.1ms | Allocations: 395)
[Webpacker] Everything's up-to-date. Nothing to do
Completed 200 OK in 7ms (Views: 6.6ms | ActiveRecord: 0.0ms | Allocations: 4489)


Started GET "/" for 127.0.0.1 at 2020-05-10 17:08:31 -0300
Processing by HomeController#index as HTML
  Rendering home/index.html.erb within layouts/application
  Rendered home/index.html.erb within layouts/application (Duration: 1.0ms | Allocations: 394)
[Webpacker] Everything's up-to-date. Nothing to do
Completed 200 OK in 7ms (Views: 6.2ms | ActiveRecord: 0.0ms | Allocations: 4496)


Started GET "/" for 127.0.0.1 at 2020-05-10 17:08:36 -0300
Processing by HomeController#index as HTML
  Rendering home/index.html.erb within layouts/application
  Rendered home/index.html.erb within layouts/application (Duration: 0.9ms | Allocations: 392)
[Webpacker] Everything's up-to-date. Nothing to do
Completed 200 OK in 15ms (Views: 13.8ms | ActiveRecord: 0.0ms | Allocations: 4487)


Started GET "/" for 127.0.0.1 at 2020-05-10 17:11:37 -0300
Processing by HomeController#index as HTML
  Rendering home/index.html.erb within layouts/application
  Rendered home/index.html.erb within layouts/application (Duration: 1.2ms | Allocations: 395)
[Webpacker] Everything's up-to-date. Nothing to do
Completed 200 OK in 8ms (Views: 6.2ms | ActiveRecord: 0.0ms | Allocations: 4482)


Started GET "/" for 127.0.0.1 at 2020-05-10 17:11:39 -0300
Processing by HomeController#index as HTML
  Rendering home/index.html.erb within layouts/application
  Rendered home/index.html.erb within layouts/application (Duration: 0.8ms | Allocations: 238)
[Webpacker] Everything's up-to-date. Nothing to do
Completed 200 OK in 7ms (Views: 5.6ms | ActiveRecord: 0.0ms | Allocations: 3437)


Started GET "/" for 127.0.0.1 at 2020-05-10 17:42:47 -0300
  [1m[35m (0.1ms)[0m  [1m[34mSELECT sqlite_version(*)[0m
Processing by HomeController#index as HTML
  Rendering home/index.html.erb within layouts/application
  Rendered home/index.html.erb within layouts/application (Duration: 1.4ms | Allocations: 394)
[Webpacker] Everything's up-to-date. Nothing to do
Completed 200 OK in 9ms (Views: 7.9ms | ActiveRecord: 0.0ms | Allocations: 4507)


  [1m[35m (0.4ms)[0m  [1m[34mSELECT sqlite_version(*)[0m
  [1m[35m (0.2ms)[0m  [1m[34mSELECT "schema_migrations"."version" FROM "schema_migrations" ORDER BY "schema_migrations"."version" ASC[0m
Migrating to DeviseCreateUsers (20200510204333)
  [1m[35m (0.2ms)[0m  [1m[36mbegin transaction[0m
  [1m[35m (1.9ms)[0m  [1m[35mCREATE TABLE "users" ("id" integer PRIMARY KEY AUTOINCREMENT NOT NULL, "email" varchar DEFAULT '' NOT NULL, "encrypted_password" varchar DEFAULT '' NOT NULL, "reset_password_token" varchar, "reset_password_sent_at" datetime, "remember_created_at" datetime, "created_at" datetime(6) NOT NULL, "updated_at" datetime(6) NOT NULL)[0m
  [1m[35m (0.2ms)[0m  [1m[35mCREATE UNIQUE INDEX "index_users_on_email" ON "users" ("email")[0m
  [1m[35m (0.2ms)[0m  [1m[35mCREATE UNIQUE INDEX "index_users_on_reset_password_token" ON "users" ("reset_password_token")[0m
  [1m[36mprimary::SchemaMigration Create (0.2ms)[0m  [1m[32mINSERT INTO "schema_migrations" ("version") VALUES (?)[0m  [["version", "20200510204333"]]
  [1m[35m (53.1ms)[0m  [1m[36mcommit transaction[0m
  [1m[36mActiveRecord::InternalMetadata Load (0.2ms)[0m  [1m[34mSELECT "ar_internal_metadata".* FROM "ar_internal_metadata" WHERE "ar_internal_metadata"."key" = ? LIMIT ?[0m  [["key", "environment"], ["LIMIT", 1]]
  [1m[35m (0.1ms)[0m  [1m[34mSELECT sqlite_version(*)[0m
  [1m[35m (0.1ms)[0m  [1m[34mSELECT "schema_migrations"."version" FROM "schema_migrations" ORDER BY "schema_migrations"."version" ASC[0m
Started GET "/" for 127.0.0.1 at 2020-05-10 17:47:33 -0300
  
NoMethodError (undefined method `devise_for' for #<ActionDispatch::Routing::Mapper:0x000055eff5aa06f0>):
  
config/routes.rb:2:in `block in <main>'
config/routes.rb:1:in `<main>'
Started GET "/" for 127.0.0.1 at 2020-05-10 17:48:18 -0300
  
NoMethodError (undefined method `devise_for' for #<ActionDispatch::Routing::Mapper:0x00007f15d4a89e68>):
  
config/routes.rb:5:in `block in <main>'
config/routes.rb:1:in `<main>'
Started GET "/" for 127.0.0.1 at 2020-05-10 17:48:42 -0300
  [1m[35m (0.4ms)[0m  [1m[34mSELECT sqlite_version(*)[0m
  [1m[35m (0.2ms)[0m  [1m[34mSELECT "schema_migrations"."version" FROM "schema_migrations" ORDER BY "schema_migrations"."version" ASC[0m
Processing by HomeController#index as HTML
  Rendering home/index.html.erb within layouts/application
  Rendered home/index.html.erb within layouts/application (Duration: 5.6ms | Allocations: 3913)
[Webpacker] Everything's up-to-date. Nothing to do
Completed 200 OK in 30ms (Views: 21.1ms | ActiveRecord: 0.0ms | Allocations: 11365)


Started GET "/users/sign_in" for 127.0.0.1 at 2020-05-10 17:48:43 -0300
Processing by Devise::SessionsController#new as HTML
  Rendering devise/sessions/new.html.erb within layouts/application
  Rendered devise/shared/_links.html.erb (Duration: 1.5ms | Allocations: 598)
  Rendered devise/sessions/new.html.erb within layouts/application (Duration: 58.4ms | Allocations: 3633)
[Webpacker] Everything's up-to-date. Nothing to do
Completed 200 OK in 94ms (Views: 65.8ms | ActiveRecord: 1.2ms | Allocations: 13358)


Started GET "/" for 127.0.0.1 at 2020-05-10 17:50:18 -0300
Processing by HomeController#index as HTML
  Rendering home/index.html.erb within layouts/application
  Rendered home/index.html.erb within layouts/application (Duration: 1.8ms | Allocations: 447)
[Webpacker] Everything's up-to-date. Nothing to do
Completed 200 OK in 19ms (Views: 17.4ms | ActiveRecord: 0.0ms | Allocations: 4709)


Started GET "/users/sign_in" for 127.0.0.1 at 2020-05-10 17:50:19 -0300
Processing by Devise::SessionsController#new as HTML
  Rendering devise/sessions/new.html.erb within layouts/application
  Rendered devise/shared/_links.html.erb (Duration: 1.2ms | Allocations: 566)
  Rendered devise/sessions/new.html.erb within layouts/application (Duration: 4.3ms | Allocations: 1880)
[Webpacker] Everything's up-to-date. Nothing to do
Completed 200 OK in 14ms (Views: 12.5ms | ActiveRecord: 0.0ms | Allocations: 6379)


Started GET "/users/sign_in" for 127.0.0.1 at 2020-05-10 17:52:19 -0300
  [1m[35m (0.1ms)[0m  [1m[34mSELECT sqlite_version(*)[0m
Processing by Devise::SessionsController#new as HTML
  Rendering devise/sessions/new.html.erb within layouts/application
  Rendered devise/shared/_links.html.erb (Duration: 0.4ms | Allocations: 181)
  Rendered devise/sessions/new.html.erb within layouts/application (Duration: 3.0ms | Allocations: 1114)
[Webpacker] Everything's up-to-date. Nothing to do
Completed 200 OK in 24ms (Views: 9.1ms | ActiveRecord: 0.8ms | Allocations: 9360)


Started GET "/" for 127.0.0.1 at 2020-05-10 17:52:21 -0300
Processing by HomeController#index as HTML
Completed 401 Unauthorized in 1ms (ActiveRecord: 0.0ms | Allocations: 342)


Started GET "/users/sign_in" for 127.0.0.1 at 2020-05-10 17:52:21 -0300
Processing by Devise::SessionsController#new as HTML
  Rendering devise/sessions/new.html.erb within layouts/application
  Rendered devise/shared/_links.html.erb (Duration: 0.6ms | Allocations: 169)
  Rendered devise/sessions/new.html.erb within layouts/application (Duration: 3.6ms | Allocations: 1038)
[Webpacker] Everything's up-to-date. Nothing to do
Completed 200 OK in 12ms (Views: 10.0ms | ActiveRecord: 0.0ms | Allocations: 4529)


Started GET "/users/sign_in" for 127.0.0.1 at 2020-05-10 17:52:23 -0300
Processing by Devise::SessionsController#new as HTML
  Rendering devise/sessions/new.html.erb within layouts/application
  Rendered devise/shared/_links.html.erb (Duration: 0.5ms | Allocations: 169)
  Rendered devise/sessions/new.html.erb within layouts/application (Duration: 2.5ms | Allocations: 1038)
[Webpacker] Everything's up-to-date. Nothing to do
Completed 200 OK in 11ms (Views: 9.7ms | ActiveRecord: 0.0ms | Allocations: 4506)


Started POST "/users/sign_in" for 127.0.0.1 at 2020-05-10 17:52:45 -0300
Processing by Devise::SessionsController#create as HTML
  Parameters: {"authenticity_token"=>"lZOoKrTWb3N4LID3OR070x1d+6w250DL/7uJUNrFBiG4ubHnj79qyYcEmjCBOphJ9acPHV53YM9eoDQz9mBsWg==", "user"=>{"email"=>"lima@gmail.com", "password"=>"[FILTERED]", "remember_me"=>"0"}, "commit"=>"Entrar"}
  [1m[36mUser Load (0.3ms)[0m  [1m[34mSELECT "users".* FROM "users" WHERE "users"."email" = ? ORDER BY "users"."id" ASC LIMIT ?[0m  [["email", "lima@gmail.com"], ["LIMIT", 1]]
Completed 401 Unauthorized in 7ms (ActiveRecord: 0.3ms | Allocations: 2448)


Processing by Devise::SessionsController#new as HTML
  Parameters: {"authenticity_token"=>"lZOoKrTWb3N4LID3OR070x1d+6w250DL/7uJUNrFBiG4ubHnj79qyYcEmjCBOphJ9acPHV53YM9eoDQz9mBsWg==", "user"=>{"email"=>"lima@gmail.com", "password"=>"[FILTERED]", "remember_me"=>"0"}, "commit"=>"Entrar"}
  Rendering devise/sessions/new.html.erb within layouts/application
  Rendered devise/shared/_links.html.erb (Duration: 0.4ms | Allocations: 169)
  Rendered devise/sessions/new.html.erb within layouts/application (Duration: 3.2ms | Allocations: 1044)
[Webpacker] Everything's up-to-date. Nothing to do
Completed 200 OK in 222ms (Views: 9.7ms | ActiveRecord: 0.0ms | Allocations: 5441)


Started GET "/users/sign_up" for 127.0.0.1 at 2020-05-10 17:52:48 -0300
Processing by Devise::RegistrationsController#new as HTML
  Rendering devise/registrations/new.html.erb within layouts/application
  Rendered devise/shared/_error_messages.html.erb (Duration: 0.6ms | Allocations: 199)
  Rendered devise/shared/_links.html.erb (Duration: 0.4ms | Allocations: 147)
  Rendered devise/registrations/new.html.erb within layouts/application (Duration: 9.2ms | Allocations: 1795)
[Webpacker] Everything's up-to-date. Nothing to do
Completed 200 OK in 19ms (Views: 17.7ms | ActiveRecord: 0.0ms | Allocations: 5894)


Started POST "/users" for 127.0.0.1 at 2020-05-10 17:52:56 -0300
Processing by Devise::RegistrationsController#create as HTML
  Parameters: {"authenticity_token"=>"MsXX8JFsQmtS5BYUe5G+oUw64qj+HNkC16GO1qs4FVQhvpIXRnnxcsHsoNrLxew6QATp62UfTuXTavmypbsKhw==", "user"=>{"email"=>"lima@gmail.com", "password"=>"[FILTERED]", "password_confirmation"=>"[FILTERED]"}, "commit"=>"Cadastrar-me"}
  [1m[35m (0.1ms)[0m  [1m[36mbegin transaction[0m
  [1m[36mUser Exists? (0.2ms)[0m  [1m[34mSELECT 1 AS one FROM "users" WHERE "users"."email" = ? LIMIT ?[0m  [["email", "lima@gmail.com"], ["LIMIT", 1]]
  [1m[36mUser Create (0.4ms)[0m  [1m[32mINSERT INTO "users" ("email", "encrypted_password", "created_at", "updated_at") VALUES (?, ?, ?, ?)[0m  [["email", "lima@gmail.com"], ["encrypted_password", "$2a$11$f0i9XQx/AO2ieP8MrtEVjei79ZWlyjgUKwRkmfPeJjaQTO8G2PZx2"], ["created_at", "2020-05-10 20:52:56.832788"], ["updated_at", "2020-05-10 20:52:56.832788"]]
  [1m[35m (12.7ms)[0m  [1m[36mcommit transaction[0m
Redirected to http://localhost:3000/
Completed 302 Found in 242ms (ActiveRecord: 13.4ms | Allocations: 11530)


Started GET "/" for 127.0.0.1 at 2020-05-10 17:52:56 -0300
Processing by HomeController#index as HTML
  [1m[36mUser Load (0.2ms)[0m  [1m[34mSELECT "users".* FROM "users" WHERE "users"."id" = ? ORDER BY "users"."id" ASC LIMIT ?[0m  [["id", 1], ["LIMIT", 1]]
  Rendering home/index.html.erb within layouts/application
  Rendered home/index.html.erb within layouts/application (Duration: 0.9ms | Allocations: 275)
[Webpacker] Everything's up-to-date. Nothing to do
Completed 200 OK in 10ms (Views: 6.7ms | ActiveRecord: 0.2ms | Allocations: 5122)


Started GET "/" for 127.0.0.1 at 2020-05-10 17:54:39 -0300
Processing by HomeController#index as HTML
  [1m[36mUser Load (0.1ms)[0m  [1m[34mSELECT "users".* FROM "users" WHERE "users"."id" = ? ORDER BY "users"."id" ASC LIMIT ?[0m  [["id", 1], ["LIMIT", 1]]
  Rendering home/index.html.erb within layouts/application
  Rendered home/index.html.erb within layouts/application (Duration: 1.7ms | Allocations: 392)
[Webpacker] Everything's up-to-date. Nothing to do
Completed 200 OK in 14ms (Views: 9.7ms | ActiveRecord: 0.1ms | Allocations: 6271)


Started DELETE "/users/sign_out" for 127.0.0.1 at 2020-05-10 17:54:40 -0300
Processing by Devise::SessionsController#destroy as HTML
  Parameters: {"authenticity_token"=>"oqDMvbkFefpqa05BtVoEZrxQ/O9AEZ/CpHJwDzS2laCPitVwgmx8QJVDVIYNfaf8VKoIXiiBv8YFac1sGBP/2w=="}
  [1m[36mUser Load (0.1ms)[0m  [1m[34mSELECT "users".* FROM "users" WHERE "users"."id" = ? ORDER BY "users"."id" ASC LIMIT ?[0m  [["id", 1], ["LIMIT", 1]]
Redirected to http://localhost:3000/
Completed 302 Found in 16ms (ActiveRecord: 0.1ms | Allocations: 4387)


Started GET "/" for 127.0.0.1 at 2020-05-10 17:54:41 -0300
Processing by HomeController#index as HTML
Completed 401 Unauthorized in 1ms (ActiveRecord: 0.0ms | Allocations: 283)


Started GET "/users/sign_in" for 127.0.0.1 at 2020-05-10 17:54:41 -0300
Processing by Devise::SessionsController#new as HTML
  Rendering devise/sessions/new.html.erb within layouts/application
  Rendered devise/shared/_links.html.erb (Duration: 1.3ms | Allocations: 552)
  Rendered devise/sessions/new.html.erb within layouts/application (Duration: 5.2ms | Allocations: 1858)
[Webpacker] Everything's up-to-date. Nothing to do
Completed 200 OK in 14ms (Views: 12.6ms | ActiveRecord: 0.0ms | Allocations: 6429)


Started POST "/users/sign_in" for 127.0.0.1 at 2020-05-10 17:54:42 -0300
Processing by Devise::SessionsController#create as HTML
  Parameters: {"authenticity_token"=>"n45/rkjHsVn28u5vwcrK0UPuVsQ1jDpcccYKWhOMzn2+Ip6v1vybEzziu70s+KZdJryl7Sx10rpnh5rYJ0onew==", "user"=>{"email"=>"lima@gmail.com", "password"=>"[FILTERED]", "remember_me"=>"0"}, "commit"=>"Entrar"}
  [1m[36mUser Load (0.2ms)[0m  [1m[34mSELECT "users".* FROM "users" WHERE "users"."email" = ? ORDER BY "users"."id" ASC LIMIT ?[0m  [["email", "lima@gmail.com"], ["LIMIT", 1]]
Redirected to http://localhost:3000/
Completed 302 Found in 215ms (ActiveRecord: 0.2ms | Allocations: 3693)


Started GET "/" for 127.0.0.1 at 2020-05-10 17:54:42 -0300
Processing by HomeController#index as HTML
  [1m[36mUser Load (0.2ms)[0m  [1m[34mSELECT "users".* FROM "users" WHERE "users"."id" = ? ORDER BY "users"."id" ASC LIMIT ?[0m  [["id", 1], ["LIMIT", 1]]
  Rendering home/index.html.erb within layouts/application
  Rendered home/index.html.erb within layouts/application (Duration: 1.1ms | Allocations: 238)
[Webpacker] Everything's up-to-date. Nothing to do
Completed 200 OK in 11ms (Views: 7.5ms | ActiveRecord: 0.2ms | Allocations: 4960)


Started DELETE "/users/sign_out" for 127.0.0.1 at 2020-05-10 17:54:44 -0300
Processing by Devise::SessionsController#destroy as HTML
  Parameters: {"authenticity_token"=>"UasaofaFySwUU6fKtfJIdK9gjB0mjutFvtk1u8ZbVz4A7kf+vcrsO4Es5LuKLv9ylpJAqYXiqDVUM4FJkyIpWQ=="}
  [1m[36mUser Load (0.2ms)[0m  [1m[34mSELECT "users".* FROM "users" WHERE "users"."id" = ? ORDER BY "users"."id" ASC LIMIT ?[0m  [["id", 1], ["LIMIT", 1]]
Redirected to http://localhost:3000/
Completed 302 Found in 5ms (ActiveRecord: 0.2ms | Allocations: 2096)


Started GET "/" for 127.0.0.1 at 2020-05-10 17:54:44 -0300
Processing by HomeController#index as HTML
Completed 401 Unauthorized in 1ms (ActiveRecord: 0.0ms | Allocations: 288)


Started GET "/users/sign_in" for 127.0.0.1 at 2020-05-10 17:54:44 -0300
Processing by Devise::SessionsController#new as HTML
  Rendering devise/sessions/new.html.erb within layouts/application
  Rendered devise/shared/_links.html.erb (Duration: 0.4ms | Allocations: 169)
  Rendered devise/sessions/new.html.erb within layouts/application (Duration: 2.8ms | Allocations: 1050)
[Webpacker] Everything's up-to-date. Nothing to do
Completed 200 OK in 10ms (Views: 9.1ms | ActiveRecord: 0.0ms | Allocations: 4605)


Started GET "/users/sign_in" for 127.0.0.1 at 2020-05-10 17:55:50 -0300
Processing by Devise::SessionsController#new as HTML
  Rendering devise/sessions/new.html.erb within layouts/application
  Rendered devise/shared/_links.html.erb (Duration: 1.1ms | Allocations: 552)
  Rendered devise/sessions/new.html.erb within layouts/application (Duration: 4.3ms | Allocations: 1855)
[Webpacker] Everything's up-to-date. Nothing to do
Completed 200 OK in 15ms (Views: 13.4ms | ActiveRecord: 0.0ms | Allocations: 6909)


  [1m[35m (1.0ms)[0m  [1m[34mSELECT sqlite_version(*)[0m
  ↳ config/environment.rb:5:in `<main>'
  [1m[35m (0.1ms)[0m  [1m[36mbegin transaction[0m
  ↳ config/environment.rb:5:in `<main>'
  [1m[36mUser Exists? (7.6ms)[0m  [1m[34mSELECT 1 AS one FROM "users" WHERE "users"."email" = ? LIMIT ?[0m  [["email", "candidato@teste.com.br"], ["LIMIT", 1]]
  ↳ config/environment.rb:5:in `<main>'
  [1m[36mUser Create (1.4ms)[0m  [1m[32mINSERT INTO "users" ("email", "encrypted_password", "created_at", "updated_at") VALUES (?, ?, ?, ?)[0m  [["email", "candidato@teste.com.br"], ["encrypted_password", "$2a$11$CaMR.gS8gJWq3N.L2ITU2.u5KA/UxvyyPK62eSauXF1MmUuovL6za"], ["created_at", "2020-05-12 21:52:52.029029"], ["updated_at", "2020-05-12 21:52:52.029029"]]
  ↳ config/environment.rb:5:in `<main>'
  [1m[35m (11.2ms)[0m  [1m[36mcommit transaction[0m
  ↳ config/environment.rb:5:in `<main>'
  [1m[35m (0.1ms)[0m  [1m[34mSELECT sqlite_version(*)[0m
  [1m[36mUser Load (0.3ms)[0m  [1m[34mSELECT "users".* FROM "users" LIMIT ?[0m  [["LIMIT", 11]]
  [1m[36mUser Load (1.1ms)[0m  [1m[34mSELECT "users".* FROM "users" LIMIT ?[0m  [["LIMIT", 11]]
  [1m[35m (0.7ms)[0m  [1m[34mSELECT sqlite_version(*)[0m
  ↳ config/environment.rb:5:in `<main>'
  [1m[35m (0.1ms)[0m  [1m[36mbegin transaction[0m
  ↳ config/environment.rb:5:in `<main>'
  [1m[36mUser Exists? (0.2ms)[0m  [1m[34mSELECT 1 AS one FROM "users" WHERE "users"."email" = ? LIMIT ?[0m  [["email", "candidato@teste.com.br"], ["LIMIT", 1]]
  ↳ config/environment.rb:5:in `<main>'
  [1m[35m (0.1ms)[0m  [1m[31mrollback transaction[0m
  ↳ config/environment.rb:5:in `<main>'
  [1m[35m (0.1ms)[0m  [1m[34mSELECT sqlite_version(*)[0m
  [1m[36mUser Load (0.2ms)[0m  [1m[34mSELECT "users".* FROM "users" LIMIT ?[0m  [["LIMIT", 11]]
  [1m[36mUser Load (0.3ms)[0m  [1m[34mSELECT "users".* FROM "users"[0m
  [1m[35m (0.1ms)[0m  [1m[36mbegin transaction[0m
  [1m[36mUser Destroy (1.1ms)[0m  [1m[31mDELETE FROM "users" WHERE "users"."id" = ?[0m  [["id", 1]]
  [1m[35m (51.2ms)[0m  [1m[36mcommit transaction[0m
  [1m[35m (0.1ms)[0m  [1m[36mbegin transaction[0m
  [1m[36mUser Destroy (0.4ms)[0m  [1m[31mDELETE FROM "users" WHERE "users"."id" = ?[0m  [["id", 2]]
  [1m[35m (11.7ms)[0m  [1m[36mcommit transaction[0m
  [1m[36mUser Load (0.2ms)[0m  [1m[34mSELECT "users".* FROM "users" LIMIT ?[0m  [["LIMIT", 11]]
  [1m[36mUser Load (0.3ms)[0m  [1m[34mSELECT "users".* FROM "users" LIMIT ?[0m  [["LIMIT", 11]]
  [1m[35m (0.1ms)[0m  [1m[34mSELECT sqlite_version(*)[0m
  [1m[36mUser Load (0.3ms)[0m  [1m[34mSELECT "users".* FROM "users" LIMIT ?[0m  [["LIMIT", 11]]
  [1m[35m (0.1ms)[0m  [1m[34mSELECT sqlite_version(*)[0m
  [1m[36mUser Load (0.3ms)[0m  [1m[34mSELECT "users".* FROM "users" LIMIT ?[0m  [["LIMIT", 11]]
  [1m[35m (0.4ms)[0m  [1m[34mSELECT sqlite_version(*)[0m
  [1m[35m (0.2ms)[0m  [1m[34mSELECT "schema_migrations"."version" FROM "schema_migrations" ORDER BY "schema_migrations"."version" ASC[0m
Migrating to CreateProfiles (20200512221604)
  [1m[35m (0.1ms)[0m  [1m[36mbegin transaction[0m
  [1m[35m (0.6ms)[0m  [1m[35mCREATE TABLE "profiles" ("id" integer PRIMARY KEY AUTOINCREMENT NOT NULL, "name" varchar, "social_name" varchar, "birth_date" date, "formation" varchar, "summary" varchar, "experience" varchar, "favorite" integer, "created_at" datetime(6) NOT NULL, "updated_at" datetime(6) NOT NULL)[0m
  [1m[36mprimary::SchemaMigration Create (0.2ms)[0m  [1m[32mINSERT INTO "schema_migrations" ("version") VALUES (?)[0m  [["version", "20200512221604"]]
  [1m[35m (14.6ms)[0m  [1m[36mcommit transaction[0m
  [1m[36mActiveRecord::InternalMetadata Load (0.8ms)[0m  [1m[34mSELECT "ar_internal_metadata".* FROM "ar_internal_metadata" WHERE "ar_internal_metadata"."key" = ? LIMIT ?[0m  [["key", "environment"], ["LIMIT", 1]]
  [1m[35m (0.1ms)[0m  [1m[34mSELECT sqlite_version(*)[0m
  [1m[35m (0.1ms)[0m  [1m[34mSELECT "schema_migrations"."version" FROM "schema_migrations" ORDER BY "schema_migrations"."version" ASC[0m
  [1m[35m (1.1ms)[0m  [1m[34mSELECT sqlite_version(*)[0m
  [1m[36mUser Load (0.4ms)[0m  [1m[34mSELECT "users".* FROM "users" LIMIT ?[0m  [["LIMIT", 11]]
Started GET "/" for 127.0.0.1 at 2020-05-12 19:43:35 -0300
  [1m[35m (0.5ms)[0m  [1m[34mSELECT sqlite_version(*)[0m
  [1m[35m (0.2ms)[0m  [1m[34mSELECT "schema_migrations"."version" FROM "schema_migrations" ORDER BY "schema_migrations"."version" ASC[0m
Processing by HomeController#index as HTML
Completed 401 Unauthorized in 24ms (ActiveRecord: 0.0ms | Allocations: 1042)


Started GET "/users/sign_in" for 127.0.0.1 at 2020-05-12 19:43:36 -0300
Processing by Devise::SessionsController#new as HTML
  Rendering devise/sessions/new.html.erb within layouts/application
  Rendered devise/shared/_links.html.erb (Duration: 1.6ms | Allocations: 652)
  Rendered devise/sessions/new.html.erb within layouts/application (Duration: 48.6ms | Allocations: 2875)
[Webpacker] Everything's up-to-date. Nothing to do
Completed 200 OK in 102ms (Views: 86.8ms | ActiveRecord: 0.9ms | Allocations: 15092)


Started POST "/users/sign_in" for 127.0.0.1 at 2020-05-12 19:43:41 -0300
Processing by Devise::SessionsController#create as HTML
  Parameters: {"authenticity_token"=>"6ISpVm6+d1VPHJLiMkY5Ii+MzdQ65xxyo9HbUzsB2wnnWEYVMN7AuQGg6Kxluio+YcqYVZBxvt0L7tvPd7CyjA==", "user"=>{"email"=>"lima@gmail.com", "password"=>"[FILTERED]", "remember_me"=>"0"}, "commit"=>"Entrar"}
  [1m[36mUser Load (0.3ms)[0m  [1m[34mSELECT "users".* FROM "users" WHERE "users"."email" = ? ORDER BY "users"."id" ASC LIMIT ?[0m  [["email", "lima@gmail.com"], ["LIMIT", 1]]
Completed 401 Unauthorized in 6ms (ActiveRecord: 0.3ms | Allocations: 2323)


Processing by Devise::SessionsController#new as HTML
  Parameters: {"authenticity_token"=>"6ISpVm6+d1VPHJLiMkY5Ii+MzdQ65xxyo9HbUzsB2wnnWEYVMN7AuQGg6Kxluio+YcqYVZBxvt0L7tvPd7CyjA==", "user"=>{"email"=>"lima@gmail.com", "password"=>"[FILTERED]", "remember_me"=>"0"}, "commit"=>"Entrar"}
  Rendering devise/sessions/new.html.erb within layouts/application
  Rendered devise/shared/_links.html.erb (Duration: 0.7ms | Allocations: 169)
  Rendered devise/sessions/new.html.erb within layouts/application (Duration: 3.7ms | Allocations: 1049)
[Webpacker] Everything's up-to-date. Nothing to do
Completed 200 OK in 222ms (Views: 10.4ms | ActiveRecord: 0.0ms | Allocations: 4992)


Started GET "/users/sign_up" for 127.0.0.1 at 2020-05-12 19:43:43 -0300
Processing by Devise::RegistrationsController#new as HTML
  Rendering devise/registrations/new.html.erb within layouts/application
  Rendered devise/shared/_error_messages.html.erb (Duration: 2.7ms | Allocations: 199)
  Rendered devise/shared/_links.html.erb (Duration: 0.8ms | Allocations: 147)
  Rendered devise/registrations/new.html.erb within layouts/application (Duration: 26.6ms | Allocations: 1793)
[Webpacker] Everything's up-to-date. Nothing to do
Completed 200 OK in 40ms (Views: 38.4ms | ActiveRecord: 0.0ms | Allocations: 5979)


Started POST "/users" for 127.0.0.1 at 2020-05-12 19:43:49 -0300
Processing by Devise::RegistrationsController#create as HTML
  Parameters: {"authenticity_token"=>"i85PlQXlnHR0kmUec9i+4GlDU7zg9B0hSnXgvtA+nYBbJHKE1iIQqxmTgKdqHVAzrQOoYJjSSYmSUCyCS18jQA==", "user"=>{"email"=>"lima@gmail.com", "password"=>"[FILTERED]", "password_confirmation"=>"[FILTERED]"}, "commit"=>"Cadastrar-me"}
  [1m[35m (0.1ms)[0m  [1m[36mbegin transaction[0m
  [1m[36mUser Exists? (0.2ms)[0m  [1m[34mSELECT 1 AS one FROM "users" WHERE "users"."email" = ? LIMIT ?[0m  [["email", "lima@gmail.com"], ["LIMIT", 1]]
  [1m[36mUser Create (0.5ms)[0m  [1m[32mINSERT INTO "users" ("email", "encrypted_password", "created_at", "updated_at") VALUES (?, ?, ?, ?)[0m  [["email", "lima@gmail.com"], ["encrypted_password", "$2a$11$RJbEqDgfvdpxTmlaiQ9e6ukeqb4bTUWFUW7lWLMLHanKJlWOTeDfO"], ["created_at", "2020-05-12 22:43:49.221393"], ["updated_at", "2020-05-12 22:43:49.221393"]]
  [1m[35m (24.7ms)[0m  [1m[36mcommit transaction[0m
Redirected to http://localhost:3000/
Completed 302 Found in 255ms (ActiveRecord: 25.5ms | Allocations: 9813)


Started GET "/" for 127.0.0.1 at 2020-05-12 19:43:49 -0300
Processing by HomeController#index as HTML
  [1m[36mUser Load (0.2ms)[0m  [1m[34mSELECT "users".* FROM "users" WHERE "users"."id" = ? ORDER BY "users"."id" ASC LIMIT ?[0m  [["id", 3], ["LIMIT", 1]]
  Rendering home/index.html.erb within layouts/application
  Rendered home/index.html.erb within layouts/application (Duration: 48.6ms | Allocations: 1194)
[Webpacker] Everything's up-to-date. Nothing to do
Completed 200 OK in 61ms (Views: 56.4ms | ActiveRecord: 0.2ms | Allocations: 6787)


Started GET "/profiles/new" for 127.0.0.1 at 2020-05-12 19:43:51 -0300
Processing by ProfilesController#new as HTML
  [1m[36mUser Load (0.2ms)[0m  [1m[34mSELECT "users".* FROM "users" WHERE "users"."id" = ? ORDER BY "users"."id" ASC LIMIT ?[0m  [["id", 3], ["LIMIT", 1]]
  Rendering profiles/new.html.erb within layouts/application
  Rendered profiles/new.html.erb within layouts/application (Duration: 5.4ms | Allocations: 2131)
[Webpacker] Everything's up-to-date. Nothing to do
Completed 200 OK in 43ms (Views: 14.3ms | ActiveRecord: 1.3ms | Allocations: 13193)


Started GET "/profiles/new" for 127.0.0.1 at 2020-05-12 19:44:14 -0300
Processing by ProfilesController#new as HTML
  [1m[36mUser Load (0.1ms)[0m  [1m[34mSELECT "users".* FROM "users" WHERE "users"."id" = ? ORDER BY "users"."id" ASC LIMIT ?[0m  [["id", 3], ["LIMIT", 1]]
  Rendering profiles/new.html.erb within layouts/application
  Rendered profiles/new.html.erb within layouts/application (Duration: 5.8ms | Allocations: 1847)
[Webpacker] Everything's up-to-date. Nothing to do
Completed 200 OK in 29ms (Views: 24.7ms | ActiveRecord: 0.1ms | Allocations: 7739)


Started GET "/profiles/new" for 127.0.0.1 at 2020-05-12 19:44:15 -0300
Processing by ProfilesController#new as HTML
  [1m[36mUser Load (0.2ms)[0m  [1m[34mSELECT "users".* FROM "users" WHERE "users"."id" = ? ORDER BY "users"."id" ASC LIMIT ?[0m  [["id", 3], ["LIMIT", 1]]
  Rendering profiles/new.html.erb within layouts/application
  Rendered profiles/new.html.erb within layouts/application (Duration: 3.2ms | Allocations: 1413)
[Webpacker] Everything's up-to-date. Nothing to do
Completed 200 OK in 13ms (Views: 10.1ms | ActiveRecord: 0.2ms | Allocations: 6141)


Started GET "/" for 127.0.0.1 at 2020-05-12 19:44:17 -0300
Processing by HomeController#index as HTML
  [1m[36mUser Load (0.1ms)[0m  [1m[34mSELECT "users".* FROM "users" WHERE "users"."id" = ? ORDER BY "users"."id" ASC LIMIT ?[0m  [["id", 3], ["LIMIT", 1]]
  Rendering home/index.html.erb within layouts/application
  Rendered home/index.html.erb within layouts/application (Duration: 1.2ms | Allocations: 392)
[Webpacker] Everything's up-to-date. Nothing to do
Completed 200 OK in 13ms (Views: 9.2ms | ActiveRecord: 0.1ms | Allocations: 5763)


Started GET "/profiles/new" for 127.0.0.1 at 2020-05-12 19:44:36 -0300
Processing by ProfilesController#new as HTML
  [1m[36mUser Load (0.2ms)[0m  [1m[34mSELECT "users".* FROM "users" WHERE "users"."id" = ? ORDER BY "users"."id" ASC LIMIT ?[0m  [["id", 3], ["LIMIT", 1]]
  Rendering profiles/new.html.erb within layouts/application
  Rendered profiles/new.html.erb within layouts/application (Duration: 3.7ms | Allocations: 1419)
[Webpacker] Everything's up-to-date. Nothing to do
Completed 200 OK in 14ms (Views: 9.7ms | ActiveRecord: 0.2ms | Allocations: 6152)


Started GET "/profiles/new" for 127.0.0.1 at 2020-05-12 19:45:20 -0300
Processing by ProfilesController#new as HTML
  [1m[36mUser Load (0.1ms)[0m  [1m[34mSELECT "users".* FROM "users" WHERE "users"."id" = ? ORDER BY "users"."id" ASC LIMIT ?[0m  [["id", 3], ["LIMIT", 1]]
  Rendering profiles/new.html.erb within layouts/application
  Rendered profiles/new.html.erb within layouts/application (Duration: 21.6ms | Allocations: 4140)
[Webpacker] Everything's up-to-date. Nothing to do
Completed 200 OK in 36ms (Views: 31.2ms | ActiveRecord: 0.1ms | Allocations: 9921)


Started GET "/profiles/new" for 127.0.0.1 at 2020-05-12 19:47:03 -0300
Processing by ProfilesController#new as HTML
  [1m[36mUser Load (0.2ms)[0m  [1m[34mSELECT "users".* FROM "users" WHERE "users"."id" = ? ORDER BY "users"."id" ASC LIMIT ?[0m  [["id", 3], ["LIMIT", 1]]
  Rendering profiles/new.html.erb within layouts/application
  Rendered profiles/new.html.erb within layouts/application (Duration: 5.0ms | Allocations: 1870)
[Webpacker] Everything's up-to-date. Nothing to do
Completed 200 OK in 18ms (Views: 13.9ms | ActiveRecord: 0.2ms | Allocations: 7753)


Started GET "/profiles/new" for 127.0.0.1 at 2020-05-12 19:47:15 -0300
Processing by ProfilesController#new as HTML
  [1m[36mUser Load (0.2ms)[0m  [1m[34mSELECT "users".* FROM "users" WHERE "users"."id" = ? ORDER BY "users"."id" ASC LIMIT ?[0m  [["id", 3], ["LIMIT", 1]]
  Rendering profiles/new.html.erb within layouts/application
  Rendered profiles/new.html.erb within layouts/application (Duration: 5.6ms | Allocations: 1876)
[Webpacker] Everything's up-to-date. Nothing to do
Completed 200 OK in 18ms (Views: 13.5ms | ActiveRecord: 0.2ms | Allocations: 7771)


Started POST "/profiles" for 127.0.0.1 at 2020-05-12 19:47:26 -0300
Processing by ProfilesController#create as JS
  Parameters: {"authenticity_token"=>"U6egsaQWIv0DZCIZdCdLwL17XDSo86SjzYU+qGBfJlNce0/y+naVEU3YWFcj21jc8z0JtQJlBgxluj40LO5P1g==", "profile"=>{"name"=>"", "social_name"=>"", "birth_date"=>"", "formation"=>"", "experience"=>"", "summary"=>"", "favorite"=>""}, "commit"=>"Enviar"}
  [1m[36mUser Load (0.2ms)[0m  [1m[34mSELECT "users".* FROM "users" WHERE "users"."id" = ? ORDER BY "users"."id" ASC LIMIT ?[0m  [["id", 3], ["LIMIT", 1]]
  [1m[35m (0.1ms)[0m  [1m[36mbegin transaction[0m
  ↳ app/controllers/profiles_controller.rb:13:in `create'
  [1m[36mProfile Create (0.9ms)[0m  [1m[32mINSERT INTO "profiles" ("name", "social_name", "formation", "summary", "experience", "created_at", "updated_at") VALUES (?, ?, ?, ?, ?, ?, ?)[0m  [["name", ""], ["social_name", ""], ["formation", ""], ["summary", ""], ["experience", ""], ["created_at", "2020-05-12 22:47:26.993395"], ["updated_at", "2020-05-12 22:47:26.993395"]]
  ↳ app/controllers/profiles_controller.rb:13:in `create'
  [1m[35m (10.0ms)[0m  [1m[36mcommit transaction[0m
  ↳ app/controllers/profiles_controller.rb:13:in `create'
Redirected to http://localhost:3000/profiles/1
Completed 200 OK in 23ms (ActiveRecord: 11.1ms | Allocations: 5308)


Started GET "/profiles/1" for 127.0.0.1 at 2020-05-12 19:47:27 -0300
Processing by ProfilesController#show as HTML
  Parameters: {"id"=>"1"}
  [1m[36mUser Load (0.2ms)[0m  [1m[34mSELECT "users".* FROM "users" WHERE "users"."id" = ? ORDER BY "users"."id" ASC LIMIT ?[0m  [["id", 3], ["LIMIT", 1]]
  [1m[36mProfile Load (0.3ms)[0m  [1m[34mSELECT "profiles".* FROM "profiles" WHERE "profiles"."id" = ? LIMIT ?[0m  [["id", 1], ["LIMIT", 1]]
  ↳ app/controllers/profiles_controller.rb:6:in `show'
  Rendering profiles/show.html.erb within layouts/application
  Rendered profiles/show.html.erb within layouts/application (Duration: 1.0ms | Allocations: 240)
[Webpacker] Everything's up-to-date. Nothing to do
Completed 200 OK in 17ms (Views: 8.1ms | ActiveRecord: 0.5ms | Allocations: 5763)


Started GET "/profiles" for 127.0.0.1 at 2020-05-12 19:47:30 -0300
Processing by ProfilesController#index as HTML
  [1m[36mUser Load (0.2ms)[0m  [1m[34mSELECT "users".* FROM "users" WHERE "users"."id" = ? ORDER BY "users"."id" ASC LIMIT ?[0m  [["id", 3], ["LIMIT", 1]]
  Rendering profiles/index.html.erb within layouts/application
  Rendered profiles/index.html.erb within layouts/application (Duration: 0.5ms | Allocations: 66)
[Webpacker] Everything's up-to-date. Nothing to do
Completed 200 OK in 16ms (Views: 10.8ms | ActiveRecord: 0.2ms | Allocations: 4924)


Started GET "/profiles/new" for 127.0.0.1 at 2020-05-12 19:47:33 -0300
Processing by ProfilesController#new as HTML
  [1m[36mUser Load (0.1ms)[0m  [1m[34mSELECT "users".* FROM "users" WHERE "users"."id" = ? ORDER BY "users"."id" ASC LIMIT ?[0m  [["id", 3], ["LIMIT", 1]]
  Rendering profiles/new.html.erb within layouts/application
  Rendered profiles/new.html.erb within layouts/application (Duration: 8.5ms | Allocations: 1409)
[Webpacker] Everything's up-to-date. Nothing to do
Completed 200 OK in 21ms (Views: 16.3ms | ActiveRecord: 0.1ms | Allocations: 6136)


Started POST "/profiles" for 127.0.0.1 at 2020-05-12 19:47:38 -0300
Processing by ProfilesController#create as JS
  Parameters: {"authenticity_token"=>"URrZuoqpEP34SP/rW4/YUG2MEDv2EkTIRtvDgfp9qSlLHfI0BrmHiQCx/EEJaZHdIyQmN8fXzV6jsdIjh2EcFQ==", "profile"=>{"name"=>"dsada", "social_name"=>"", "birth_date"=>"", "formation"=>"", "experience"=>"", "summary"=>"", "favorite"=>""}, "commit"=>"Enviar"}
  [1m[36mUser Load (0.2ms)[0m  [1m[34mSELECT "users".* FROM "users" WHERE "users"."id" = ? ORDER BY "users"."id" ASC LIMIT ?[0m  [["id", 3], ["LIMIT", 1]]
  [1m[35m (0.1ms)[0m  [1m[36mbegin transaction[0m
  ↳ app/controllers/profiles_controller.rb:13:in `create'
  [1m[36mProfile Create (2.9ms)[0m  [1m[32mINSERT INTO "profiles" ("name", "social_name", "formation", "summary", "experience", "created_at", "updated_at") VALUES (?, ?, ?, ?, ?, ?, ?)[0m  [["name", "dsada"], ["social_name", ""], ["formation", ""], ["summary", ""], ["experience", ""], ["created_at", "2020-05-12 22:47:38.812560"], ["updated_at", "2020-05-12 22:47:38.812560"]]
  ↳ app/controllers/profiles_controller.rb:13:in `create'
  [1m[35m (17.6ms)[0m  [1m[36mcommit transaction[0m
  ↳ app/controllers/profiles_controller.rb:13:in `create'
Redirected to http://localhost:3000/profiles/2
Completed 200 OK in 34ms (ActiveRecord: 20.8ms | Allocations: 5252)


Started GET "/profiles/2" for 127.0.0.1 at 2020-05-12 19:47:38 -0300
Processing by ProfilesController#show as HTML
  Parameters: {"id"=>"2"}
  [1m[36mUser Load (0.2ms)[0m  [1m[34mSELECT "users".* FROM "users" WHERE "users"."id" = ? ORDER BY "users"."id" ASC LIMIT ?[0m  [["id", 3], ["LIMIT", 1]]
  [1m[36mProfile Load (0.2ms)[0m  [1m[34mSELECT "profiles".* FROM "profiles" WHERE "profiles"."id" = ? LIMIT ?[0m  [["id", 2], ["LIMIT", 1]]
  ↳ app/controllers/profiles_controller.rb:6:in `show'
  Rendering profiles/show.html.erb within layouts/application
  Rendered profiles/show.html.erb within layouts/application (Duration: 0.4ms | Allocations: 52)
[Webpacker] Everything's up-to-date. Nothing to do
Completed 200 OK in 13ms (Views: 8.2ms | ActiveRecord: 0.3ms | Allocations: 5429)


Started GET "/profiles" for 127.0.0.1 at 2020-05-12 19:47:40 -0300
Processing by ProfilesController#index as HTML
  [1m[36mUser Load (0.2ms)[0m  [1m[34mSELECT "users".* FROM "users" WHERE "users"."id" = ? ORDER BY "users"."id" ASC LIMIT ?[0m  [["id", 3], ["LIMIT", 1]]
  Rendering profiles/index.html.erb within layouts/application
  Rendered profiles/index.html.erb within layouts/application (Duration: 0.1ms | Allocations: 4)
[Webpacker] Everything's up-to-date. Nothing to do
Completed 200 OK in 10ms (Views: 6.4ms | ActiveRecord: 0.2ms | Allocations: 4700)


Started GET "/profiles/new" for 127.0.0.1 at 2020-05-12 19:47:41 -0300
Processing by ProfilesController#new as HTML
  [1m[36mUser Load (0.1ms)[0m  [1m[34mSELECT "users".* FROM "users" WHERE "users"."id" = ? ORDER BY "users"."id" ASC LIMIT ?[0m  [["id", 3], ["LIMIT", 1]]
  Rendering profiles/new.html.erb within layouts/application
  Rendered profiles/new.html.erb within layouts/application (Duration: 3.2ms | Allocations: 1405)
[Webpacker] Everything's up-to-date. Nothing to do
Completed 200 OK in 14ms (Views: 10.6ms | ActiveRecord: 0.1ms | Allocations: 6118)


Started POST "/profiles" for 127.0.0.1 at 2020-05-12 19:47:52 -0300
Processing by ProfilesController#create as JS
  Parameters: {"authenticity_token"=>"jL1+BM9Yy3hFGJnX3SXYWAi9IrAjM+qcmWA1r2eT/pGWulWKQ0hcDL3hmn2Pw5HVRhUUvBL2Ywp8CiQNGo9LrQ==", "profile"=>{"name"=>"sdadada", "social_name"=>"", "birth_date"=>"", "formation"=>"", "experience"=>"", "summary"=>"", "favorite"=>""}, "commit"=>"Enviar"}
  [1m[36mUser Load (0.1ms)[0m  [1m[34mSELECT "users".* FROM "users" WHERE "users"."id" = ? ORDER BY "users"."id" ASC LIMIT ?[0m  [["id", 3], ["LIMIT", 1]]
  [1m[35m (0.1ms)[0m  [1m[36mbegin transaction[0m
  ↳ app/controllers/profiles_controller.rb:13:in `create'
  [1m[36mProfile Create (0.4ms)[0m  [1m[32mINSERT INTO "profiles" ("name", "social_name", "formation", "summary", "experience", "created_at", "updated_at") VALUES (?, ?, ?, ?, ?, ?, ?)[0m  [["name", "sdadada"], ["social_name", ""], ["formation", ""], ["summary", ""], ["experience", ""], ["created_at", "2020-05-12 22:47:52.467415"], ["updated_at", "2020-05-12 22:47:52.467415"]]
  ↳ app/controllers/profiles_controller.rb:13:in `create'
  [1m[35m (16.0ms)[0m  [1m[36mcommit transaction[0m
  ↳ app/controllers/profiles_controller.rb:13:in `create'
Redirected to http://localhost:3000/profiles/3
Completed 200 OK in 34ms (ActiveRecord: 16.7ms | Allocations: 5259)


Started GET "/profiles/3" for 127.0.0.1 at 2020-05-12 19:47:52 -0300
Processing by ProfilesController#show as HTML
  Parameters: {"id"=>"3"}
  [1m[36mUser Load (0.2ms)[0m  [1m[34mSELECT "users".* FROM "users" WHERE "users"."id" = ? ORDER BY "users"."id" ASC LIMIT ?[0m  [["id", 3], ["LIMIT", 1]]
  [1m[36mProfile Load (0.1ms)[0m  [1m[34mSELECT "profiles".* FROM "profiles" WHERE "profiles"."id" = ? LIMIT ?[0m  [["id", 3], ["LIMIT", 1]]
  ↳ app/controllers/profiles_controller.rb:6:in `show'
  Rendering profiles/show.html.erb within layouts/application
  Rendered profiles/show.html.erb within layouts/application (Duration: 1.2ms | Allocations: 238)
[Webpacker] Everything's up-to-date. Nothing to do
Completed 200 OK in 15ms (Views: 9.1ms | ActiveRecord: 0.3ms | Allocations: 6667)


Started GET "/" for 127.0.0.1 at 2020-05-12 19:47:53 -0300
Processing by HomeController#index as HTML
  [1m[36mUser Load (0.3ms)[0m  [1m[34mSELECT "users".* FROM "users" WHERE "users"."id" = ? ORDER BY "users"."id" ASC LIMIT ?[0m  [["id", 3], ["LIMIT", 1]]
  Rendering home/index.html.erb within layouts/application
  Rendered home/index.html.erb within layouts/application (Duration: 2.1ms | Allocations: 391)
[Webpacker] Everything's up-to-date. Nothing to do
Completed 200 OK in 18ms (Views: 13.9ms | ActiveRecord: 0.3ms | Allocations: 5790)


Started GET "/profiles/new" for 127.0.0.1 at 2020-05-12 19:47:55 -0300
Processing by ProfilesController#new as HTML
  [1m[36mUser Load (0.2ms)[0m  [1m[34mSELECT "users".* FROM "users" WHERE "users"."id" = ? ORDER BY "users"."id" ASC LIMIT ?[0m  [["id", 3], ["LIMIT", 1]]
  Rendering profiles/new.html.erb within layouts/application
  Rendered profiles/new.html.erb within layouts/application (Duration: 6.1ms | Allocations: 1879)
[Webpacker] Everything's up-to-date. Nothing to do
Completed 200 OK in 18ms (Views: 12.7ms | ActiveRecord: 0.2ms | Allocations: 6741)


Started GET "/" for 127.0.0.1 at 2020-05-12 19:50:56 -0300
Processing by HomeController#index as HTML
  [1m[36mUser Load (0.2ms)[0m  [1m[34mSELECT "users".* FROM "users" WHERE "users"."id" = ? ORDER BY "users"."id" ASC LIMIT ?[0m  [["id", 3], ["LIMIT", 1]]
  Rendering home/index.html.erb within layouts/application
  Rendered home/index.html.erb within layouts/application (Duration: 1.3ms | Allocations: 392)
[Webpacker] Everything's up-to-date. Nothing to do
Completed 200 OK in 18ms (Views: 12.1ms | ActiveRecord: 0.2ms | Allocations: 6286)


Started GET "/profiles/new" for 127.0.0.1 at 2020-05-12 19:56:21 -0300
  [1m[35m (0.1ms)[0m  [1m[34mSELECT sqlite_version(*)[0m
Processing by ProfilesController#new as HTML
  [1m[36mUser Load (0.3ms)[0m  [1m[34mSELECT "users".* FROM "users" WHERE "users"."id" = ? ORDER BY "users"."id" ASC LIMIT ?[0m  [["id", 3], ["LIMIT", 1]]
  Rendering profiles/new.html.erb within layouts/application
  Rendered profiles/new.html.erb within layouts/application (Duration: 4.2ms | Allocations: 1950)
[Webpacker] Everything's up-to-date. Nothing to do
Completed 200 OK in 52ms (Views: 12.2ms | ActiveRecord: 2.6ms | Allocations: 18350)


Started GET "/profiles/new" for 127.0.0.1 at 2020-05-12 19:56:22 -0300
Processing by ProfilesController#new as HTML
  [1m[36mUser Load (0.1ms)[0m  [1m[34mSELECT "users".* FROM "users" WHERE "users"."id" = ? ORDER BY "users"."id" ASC LIMIT ?[0m  [["id", 3], ["LIMIT", 1]]
  Rendering profiles/new.html.erb within layouts/application
  Rendered profiles/new.html.erb within layouts/application (Duration: 4.0ms | Allocations: 1405)
[Webpacker] Everything's up-to-date. Nothing to do
Completed 200 OK in 16ms (Views: 12.3ms | ActiveRecord: 0.1ms | Allocations: 6115)


Started GET "/profiles/new" for 127.0.0.1 at 2020-05-12 19:56:23 -0300
Processing by ProfilesController#new as HTML
  [1m[36mUser Load (0.2ms)[0m  [1m[34mSELECT "users".* FROM "users" WHERE "users"."id" = ? ORDER BY "users"."id" ASC LIMIT ?[0m  [["id", 3], ["LIMIT", 1]]
  Rendering profiles/new.html.erb within layouts/application
  Rendered profiles/new.html.erb within layouts/application (Duration: 4.3ms | Allocations: 1405)
[Webpacker] Everything's up-to-date. Nothing to do
Completed 200 OK in 14ms (Views: 9.9ms | ActiveRecord: 0.2ms | Allocations: 6136)


Started POST "/profiles" for 127.0.0.1 at 2020-05-12 19:56:27 -0300
Processing by ProfilesController#create as JS
  Parameters: {"authenticity_token"=>"4ShSbA5Hk2qug24DkYoyweKnnVLRLvMK1DSz5U52W8Lu9L0vUCckhuA/FE3GdiHdrOHI03u4UaV8C7N5AscyRw==", "profile"=>{"name"=>"", "social_name"=>"", "birth_date"=>"", "formation"=>"", "experience"=>"", "summary"=>"", "favorite"=>""}, "commit"=>"Enviar"}
  [1m[36mUser Load (0.2ms)[0m  [1m[34mSELECT "users".* FROM "users" WHERE "users"."id" = ? ORDER BY "users"."id" ASC LIMIT ?[0m  [["id", 3], ["LIMIT", 1]]
  [1m[35m (0.1ms)[0m  [1m[36mbegin transaction[0m
  ↳ app/controllers/profiles_controller.rb:13:in `create'
  [1m[36mProfile Exists? (0.2ms)[0m  [1m[34mSELECT 1 AS one FROM "profiles" WHERE "profiles"."name" = ? LIMIT ?[0m  [["name", ""], ["LIMIT", 1]]
  ↳ app/controllers/profiles_controller.rb:13:in `create'
  [1m[35m (0.1ms)[0m  [1m[31mrollback transaction[0m
  ↳ app/controllers/profiles_controller.rb:13:in `create'
Redirected to http://localhost:3000/profiles
Completed 200 OK in 11ms (ActiveRecord: 0.5ms | Allocations: 5615)


Started GET "/profiles" for 127.0.0.1 at 2020-05-12 19:56:27 -0300
Processing by ProfilesController#index as HTML
  [1m[36mUser Load (0.1ms)[0m  [1m[34mSELECT "users".* FROM "users" WHERE "users"."id" = ? ORDER BY "users"."id" ASC LIMIT ?[0m  [["id", 3], ["LIMIT", 1]]
  Rendering profiles/index.html.erb within layouts/application
  Rendered profiles/index.html.erb within layouts/application (Duration: 0.4ms | Allocations: 66)
[Webpacker] Everything's up-to-date. Nothing to do
Completed 200 OK in 11ms (Views: 7.1ms | ActiveRecord: 0.1ms | Allocations: 4911)


Started DELETE "/users/sign_out" for 127.0.0.1 at 2020-05-12 19:56:28 -0300
Processing by Devise::SessionsController#destroy as HTML
  Parameters: {"authenticity_token"=>"8baPg41VLlTnoiVdiG+c6u4aWOIZDY2axaeWQ9Nq10H+amDA0zWZuKkeXxPfk4/2oFwNY7ObLzVtmJbfn9u+xA=="}
  [1m[36mUser Load (0.1ms)[0m  [1m[34mSELECT "users".* FROM "users" WHERE "users"."id" = ? ORDER BY "users"."id" ASC LIMIT ?[0m  [["id", 3], ["LIMIT", 1]]
Redirected to http://localhost:3000/
Completed 302 Found in 27ms (ActiveRecord: 0.1ms | Allocations: 2635)


Started GET "/" for 127.0.0.1 at 2020-05-12 19:56:28 -0300
Processing by HomeController#index as HTML
Completed 401 Unauthorized in 1ms (ActiveRecord: 0.0ms | Allocations: 298)


Started GET "/users/sign_in" for 127.0.0.1 at 2020-05-12 19:56:29 -0300
Processing by Devise::SessionsController#new as HTML
  Rendering devise/sessions/new.html.erb within layouts/application
  Rendered devise/shared/_links.html.erb (Duration: 2.3ms | Allocations: 564)
  Rendered devise/sessions/new.html.erb within layouts/application (Duration: 7.6ms | Allocations: 1878)
[Webpacker] Everything's up-to-date. Nothing to do
Completed 200 OK in 18ms (Views: 16.9ms | ActiveRecord: 0.0ms | Allocations: 6466)


Started POST "/users/sign_in" for 127.0.0.1 at 2020-05-12 19:56:30 -0300
Processing by Devise::SessionsController#create as HTML
  Parameters: {"authenticity_token"=>"aNamgtcdpQXsDdyVaJuRbWlP6b4xQZKLfBtaI331Ekbel/3zmsxDMFBqfhKJd/rdtiF7ydamJQFgKg1Ptt8ufw==", "user"=>{"email"=>"lima@gmail.com", "password"=>"[FILTERED]", "remember_me"=>"0"}, "commit"=>"Entrar"}
  [1m[36mUser Load (0.3ms)[0m  [1m[34mSELECT "users".* FROM "users" WHERE "users"."email" = ? ORDER BY "users"."id" ASC LIMIT ?[0m  [["email", "lima@gmail.com"], ["LIMIT", 1]]
Redirected to http://localhost:3000/
Completed 302 Found in 215ms (ActiveRecord: 0.3ms | Allocations: 3727)


Started GET "/" for 127.0.0.1 at 2020-05-12 19:56:31 -0300
Processing by HomeController#index as HTML
  [1m[36mUser Load (0.1ms)[0m  [1m[34mSELECT "users".* FROM "users" WHERE "users"."id" = ? ORDER BY "users"."id" ASC LIMIT ?[0m  [["id", 3], ["LIMIT", 1]]
  Rendering home/index.html.erb within layouts/application
  Rendered home/index.html.erb within layouts/application (Duration: 1.2ms | Allocations: 238)
[Webpacker] Everything's up-to-date. Nothing to do
Completed 200 OK in 15ms (Views: 10.6ms | ActiveRecord: 0.1ms | Allocations: 5126)


Started GET "/profiles/new" for 127.0.0.1 at 2020-05-12 19:56:32 -0300
Processing by ProfilesController#new as HTML
  [1m[36mUser Load (0.1ms)[0m  [1m[34mSELECT "users".* FROM "users" WHERE "users"."id" = ? ORDER BY "users"."id" ASC LIMIT ?[0m  [["id", 3], ["LIMIT", 1]]
  Rendering profiles/new.html.erb within layouts/application
  Rendered profiles/new.html.erb within layouts/application (Duration: 3.4ms | Allocations: 1430)
[Webpacker] Everything's up-to-date. Nothing to do
Completed 200 OK in 15ms (Views: 11.3ms | ActiveRecord: 0.1ms | Allocations: 6167)


Started POST "/profiles" for 127.0.0.1 at 2020-05-12 19:56:33 -0300
Processing by ProfilesController#create as JS
  Parameters: {"authenticity_token"=>"QqpopUhiuzjfE4hXH4G//aRER7WJPgMUSwmqyDfhhEBKvEEQknjXMXHFb63UuU5Lxmu+wu/tz3WQrMKDlsDxWA==", "profile"=>{"name"=>"", "social_name"=>"", "birth_date"=>"", "formation"=>"", "experience"=>"", "summary"=>"", "favorite"=>""}, "commit"=>"Enviar"}
  [1m[36mUser Load (0.1ms)[0m  [1m[34mSELECT "users".* FROM "users" WHERE "users"."id" = ? ORDER BY "users"."id" ASC LIMIT ?[0m  [["id", 3], ["LIMIT", 1]]
  [1m[35m (0.1ms)[0m  [1m[36mbegin transaction[0m
  ↳ app/controllers/profiles_controller.rb:13:in `create'
  [1m[36mProfile Exists? (0.2ms)[0m  [1m[34mSELECT 1 AS one FROM "profiles" WHERE "profiles"."name" = ? LIMIT ?[0m  [["name", ""], ["LIMIT", 1]]
  ↳ app/controllers/profiles_controller.rb:13:in `create'
  [1m[35m (0.1ms)[0m  [1m[31mrollback transaction[0m
  ↳ app/controllers/profiles_controller.rb:13:in `create'
Redirected to http://localhost:3000/profiles
Completed 200 OK in 12ms (ActiveRecord: 0.5ms | Allocations: 5413)


Started GET "/profiles" for 127.0.0.1 at 2020-05-12 19:56:33 -0300
Processing by ProfilesController#index as HTML
  [1m[36mUser Load (0.2ms)[0m  [1m[34mSELECT "users".* FROM "users" WHERE "users"."id" = ? ORDER BY "users"."id" ASC LIMIT ?[0m  [["id", 3], ["LIMIT", 1]]
  Rendering profiles/index.html.erb within layouts/application
  Rendered profiles/index.html.erb within layouts/application (Duration: 0.0ms | Allocations: 4)
[Webpacker] Everything's up-to-date. Nothing to do
Completed 200 OK in 10ms (Views: 6.7ms | ActiveRecord: 0.2ms | Allocations: 4726)


Started GET "/profiles/new" for 127.0.0.1 at 2020-05-12 19:56:35 -0300
Processing by ProfilesController#new as HTML
  [1m[36mUser Load (0.3ms)[0m  [1m[34mSELECT "users".* FROM "users" WHERE "users"."id" = ? ORDER BY "users"."id" ASC LIMIT ?[0m  [["id", 3], ["LIMIT", 1]]
  Rendering profiles/new.html.erb within layouts/application
  Rendered profiles/new.html.erb within layouts/application (Duration: 5.2ms | Allocations: 1405)
[Webpacker] Everything's up-to-date. Nothing to do
Completed 200 OK in 19ms (Views: 13.5ms | ActiveRecord: 0.3ms | Allocations: 6122)


Started GET "/profiles/new" for 127.0.0.1 at 2020-05-12 19:57:12 -0300
Processing by ProfilesController#new as HTML
  [1m[36mUser Load (0.1ms)[0m  [1m[34mSELECT "users".* FROM "users" WHERE "users"."id" = ? ORDER BY "users"."id" ASC LIMIT ?[0m  [["id", 3], ["LIMIT", 1]]
  Rendering profiles/new.html.erb within layouts/application
  Rendered profiles/new.html.erb within layouts/application (Duration: 3.5ms | Allocations: 1405)
[Webpacker] Everything's up-to-date. Nothing to do
Completed 200 OK in 13ms (Views: 10.4ms | ActiveRecord: 0.1ms | Allocations: 6116)


Started POST "/profiles" for 127.0.0.1 at 2020-05-12 19:57:14 -0300
Processing by ProfilesController#create as JS
  Parameters: {"authenticity_token"=>"Y9dk6nDaIhHzmhDAH3Ws74s9IThCT0IsU45wTsX6i7JE8hH6a+QYDU0JZhCNFOST0ab+12PgBW2guCCwCRdxzw==", "profile"=>{"name"=>"", "social_name"=>"", "birth_date"=>"", "formation"=>"", "experience"=>"", "summary"=>"", "favorite"=>""}, "commit"=>"Enviar"}
  [1m[36mUser Load (0.2ms)[0m  [1m[34mSELECT "users".* FROM "users" WHERE "users"."id" = ? ORDER BY "users"."id" ASC LIMIT ?[0m  [["id", 3], ["LIMIT", 1]]
  [1m[35m (0.1ms)[0m  [1m[36mbegin transaction[0m
  ↳ app/controllers/profiles_controller.rb:13:in `create'
  [1m[36mProfile Exists? (0.2ms)[0m  [1m[34mSELECT 1 AS one FROM "profiles" WHERE "profiles"."name" = ? LIMIT ?[0m  [["name", ""], ["LIMIT", 1]]
  ↳ app/controllers/profiles_controller.rb:13:in `create'
  [1m[35m (0.1ms)[0m  [1m[31mrollback transaction[0m
  ↳ app/controllers/profiles_controller.rb:13:in `create'
Redirected to http://localhost:3000/profiles
Completed 200 OK in 17ms (ActiveRecord: 0.5ms | Allocations: 5390)


Started GET "/profiles" for 127.0.0.1 at 2020-05-12 19:57:14 -0300
Processing by ProfilesController#index as HTML
  [1m[36mUser Load (0.2ms)[0m  [1m[34mSELECT "users".* FROM "users" WHERE "users"."id" = ? ORDER BY "users"."id" ASC LIMIT ?[0m  [["id", 3], ["LIMIT", 1]]
  Rendering profiles/index.html.erb within layouts/application
  Rendered profiles/index.html.erb within layouts/application (Duration: 0.1ms | Allocations: 4)
[Webpacker] Everything's up-to-date. Nothing to do
Completed 200 OK in 13ms (Views: 8.5ms | ActiveRecord: 0.2ms | Allocations: 4719)


Started GET "/profiles/new" for 127.0.0.1 at 2020-05-12 19:57:15 -0300
Processing by ProfilesController#new as HTML
  [1m[36mUser Load (0.1ms)[0m  [1m[34mSELECT "users".* FROM "users" WHERE "users"."id" = ? ORDER BY "users"."id" ASC LIMIT ?[0m  [["id", 3], ["LIMIT", 1]]
  Rendering profiles/new.html.erb within layouts/application
  Rendered profiles/new.html.erb within layouts/application (Duration: 5.1ms | Allocations: 1410)
[Webpacker] Everything's up-to-date. Nothing to do
Completed 200 OK in 18ms (Views: 14.3ms | ActiveRecord: 0.1ms | Allocations: 6133)


Started GET "/profiles/new" for 127.0.0.1 at 2020-05-12 19:57:57 -0300
  [1m[35m (0.6ms)[0m  [1m[34mSELECT sqlite_version(*)[0m
  [1m[35m (0.2ms)[0m  [1m[34mSELECT "schema_migrations"."version" FROM "schema_migrations" ORDER BY "schema_migrations"."version" ASC[0m
Processing by ProfilesController#new as HTML
  [1m[36mUser Load (0.2ms)[0m  [1m[34mSELECT "users".* FROM "users" WHERE "users"."id" = ? ORDER BY "users"."id" ASC LIMIT ?[0m  [["id", 3], ["LIMIT", 1]]
  Rendering profiles/new.html.erb within layouts/application
  Rendered profiles/new.html.erb within layouts/application (Duration: 12.0ms | Allocations: 5062)
[Webpacker] Everything's up-to-date. Nothing to do
Completed 200 OK in 76ms (Views: 27.6ms | ActiveRecord: 2.2ms | Allocations: 24937)


Started POST "/profiles" for 127.0.0.1 at 2020-05-12 19:57:59 -0300
Processing by ProfilesController#create as JS
  Parameters: {"authenticity_token"=>"q4VgbKIxnLhsH9hLC6ianFCVOdrWr1vRnh2C/xk6BsKMoBV8uQ+mpNKMrpuZydLgCg7mNfcAHJBtK9IB1df8vw==", "profile"=>{"name"=>"", "social_name"=>"", "birth_date"=>"", "formation"=>"", "experience"=>"", "summary"=>"", "favorite"=>""}, "commit"=>"Enviar"}
  [1m[36mUser Load (0.1ms)[0m  [1m[34mSELECT "users".* FROM "users" WHERE "users"."id" = ? ORDER BY "users"."id" ASC LIMIT ?[0m  [["id", 3], ["LIMIT", 1]]
  [1m[35m (0.1ms)[0m  [1m[36mbegin transaction[0m
  ↳ app/controllers/profiles_controller.rb:13:in `create'
  [1m[36mProfile Exists? (0.3ms)[0m  [1m[34mSELECT 1 AS one FROM "profiles" WHERE "profiles"."name" = ? LIMIT ?[0m  [["name", ""], ["LIMIT", 1]]
  ↳ app/controllers/profiles_controller.rb:13:in `create'
  [1m[35m (0.1ms)[0m  [1m[31mrollback transaction[0m
  ↳ app/controllers/profiles_controller.rb:13:in `create'
Redirected to http://localhost:3000/profiles
Completed 200 OK in 13ms (ActiveRecord: 0.6ms | Allocations: 5754)


Started GET "/profiles" for 127.0.0.1 at 2020-05-12 19:57:59 -0300
Processing by ProfilesController#index as HTML
  [1m[36mUser Load (0.1ms)[0m  [1m[34mSELECT "users".* FROM "users" WHERE "users"."id" = ? ORDER BY "users"."id" ASC LIMIT ?[0m  [["id", 3], ["LIMIT", 1]]
  Rendering profiles/index.html.erb within layouts/application
  Rendered profiles/index.html.erb within layouts/application (Duration: 0.4ms | Allocations: 67)
[Webpacker] Everything's up-to-date. Nothing to do
Completed 200 OK in 12ms (Views: 7.5ms | ActiveRecord: 0.1ms | Allocations: 4914)


Started GET "/profiles/new" for 127.0.0.1 at 2020-05-12 19:58:00 -0300
Processing by ProfilesController#new as HTML
  [1m[36mUser Load (0.1ms)[0m  [1m[34mSELECT "users".* FROM "users" WHERE "users"."id" = ? ORDER BY "users"."id" ASC LIMIT ?[0m  [["id", 3], ["LIMIT", 1]]
  Rendering profiles/new.html.erb within layouts/application
  Rendered profiles/new.html.erb within layouts/application (Duration: 15.8ms | Allocations: 1411)
[Webpacker] Everything's up-to-date. Nothing to do
Completed 200 OK in 27ms (Views: 23.1ms | ActiveRecord: 0.1ms | Allocations: 6151)


Started POST "/profiles" for 127.0.0.1 at 2020-05-12 19:58:05 -0300
Processing by ProfilesController#create as JS
  Parameters: {"authenticity_token"=>"Gh27M/9YaEulhvARKuzwKOqH4O60HdIXxoKSUBvhGloSC5KGJUIEQgtQF+vh1AGeiKgZmdLOHnYdJ/obusBvQg==", "profile"=>{"name"=>"", "social_name"=>"", "birth_date"=>"", "formation"=>"", "experience"=>"", "summary"=>"", "favorite"=>""}, "commit"=>"Enviar"}
  [1m[36mUser Load (0.2ms)[0m  [1m[34mSELECT "users".* FROM "users" WHERE "users"."id" = ? ORDER BY "users"."id" ASC LIMIT ?[0m  [["id", 3], ["LIMIT", 1]]
  [1m[35m (0.1ms)[0m  [1m[36mbegin transaction[0m
  ↳ app/controllers/profiles_controller.rb:13:in `create'
  [1m[36mProfile Exists? (0.3ms)[0m  [1m[34mSELECT 1 AS one FROM "profiles" WHERE "profiles"."name" = ? LIMIT ?[0m  [["name", ""], ["LIMIT", 1]]
  ↳ app/controllers/profiles_controller.rb:13:in `create'
  [1m[35m (0.2ms)[0m  [1m[31mrollback transaction[0m
  ↳ app/controllers/profiles_controller.rb:13:in `create'
Redirected to http://localhost:3000/profiles
Completed 200 OK in 17ms (ActiveRecord: 0.7ms | Allocations: 5435)


Started GET "/profiles" for 127.0.0.1 at 2020-05-12 19:58:05 -0300
Processing by ProfilesController#index as HTML
  [1m[36mUser Load (0.1ms)[0m  [1m[34mSELECT "users".* FROM "users" WHERE "users"."id" = ? ORDER BY "users"."id" ASC LIMIT ?[0m  [["id", 3], ["LIMIT", 1]]
  Rendering profiles/index.html.erb within layouts/application
  Rendered profiles/index.html.erb within layouts/application (Duration: 0.1ms | Allocations: 5)
[Webpacker] Everything's up-to-date. Nothing to do
Completed 200 OK in 11ms (Views: 7.6ms | ActiveRecord: 0.1ms | Allocations: 4724)


Started GET "/profiles/new" for 127.0.0.1 at 2020-05-12 19:58:06 -0300
Processing by ProfilesController#new as HTML
  [1m[36mUser Load (0.1ms)[0m  [1m[34mSELECT "users".* FROM "users" WHERE "users"."id" = ? ORDER BY "users"."id" ASC LIMIT ?[0m  [["id", 3], ["LIMIT", 1]]
  Rendering profiles/new.html.erb within layouts/application
  Rendered profiles/new.html.erb within layouts/application (Duration: 3.2ms | Allocations: 1409)
[Webpacker] Everything's up-to-date. Nothing to do
Completed 200 OK in 14ms (Views: 11.1ms | ActiveRecord: 0.1ms | Allocations: 6134)


Started GET "/" for 127.0.0.1 at 2020-05-12 19:58:08 -0300
Processing by HomeController#index as HTML
  [1m[36mUser Load (0.1ms)[0m  [1m[34mSELECT "users".* FROM "users" WHERE "users"."id" = ? ORDER BY "users"."id" ASC LIMIT ?[0m  [["id", 3], ["LIMIT", 1]]
  Rendering home/index.html.erb within layouts/application
  Rendered home/index.html.erb within layouts/application (Duration: 4.3ms | Allocations: 1200)
[Webpacker] Everything's up-to-date. Nothing to do
Completed 200 OK in 17ms (Views: 13.4ms | ActiveRecord: 0.1ms | Allocations: 6547)


Started GET "/profiles/new" for 127.0.0.1 at 2020-05-12 19:58:10 -0300
Processing by ProfilesController#new as HTML
  [1m[36mUser Load (0.2ms)[0m  [1m[34mSELECT "users".* FROM "users" WHERE "users"."id" = ? ORDER BY "users"."id" ASC LIMIT ?[0m  [["id", 3], ["LIMIT", 1]]
  Rendering profiles/new.html.erb within layouts/application
  Rendered profiles/new.html.erb within layouts/application (Duration: 4.9ms | Allocations: 1415)
[Webpacker] Everything's up-to-date. Nothing to do
Completed 200 OK in 15ms (Views: 11.4ms | ActiveRecord: 0.2ms | Allocations: 6147)


Started GET "/profiles/new" for 127.0.0.1 at 2020-05-12 20:01:05 -0300
  [1m[35m (0.9ms)[0m  [1m[34mSELECT sqlite_version(*)[0m
  [1m[35m (0.4ms)[0m  [1m[34mSELECT "schema_migrations"."version" FROM "schema_migrations" ORDER BY "schema_migrations"."version" ASC[0m
Processing by ProfilesController#new as HTML
  [1m[36mUser Load (0.2ms)[0m  [1m[34mSELECT "users".* FROM "users" WHERE "users"."id" = ? ORDER BY "users"."id" ASC LIMIT ?[0m  [["id", 3], ["LIMIT", 1]]
  Rendering profiles/new.html.erb within layouts/application
  Rendered profiles/new.html.erb within layouts/application (Duration: 9.7ms | Allocations: 5062)
[Webpacker] Everything's up-to-date. Nothing to do
Completed 200 OK in 68ms (Views: 26.1ms | ActiveRecord: 2.3ms | Allocations: 24904)


Started POST "/profiles" for 127.0.0.1 at 2020-05-12 20:01:11 -0300
Processing by ProfilesController#create as JS
  Parameters: {"authenticity_token"=>"acT8oHED6fnT9MaidO0T4DzaHGvVV+8vPmdt/HIgKlFO4Ymwaj3T5W1nsHLmjFucZkHDhPT4qG7NUT0Cvs3QLA==", "profile"=>{"name"=>"das", "social_name"=>"dsada", "birth_date"=>"", "formation"=>"s", "experience"=>"", "summary"=>"", "favorite"=>""}, "commit"=>"Enviar"}
  [1m[36mUser Load (0.1ms)[0m  [1m[34mSELECT "users".* FROM "users" WHERE "users"."id" = ? ORDER BY "users"."id" ASC LIMIT ?[0m  [["id", 3], ["LIMIT", 1]]
  [1m[35m (0.1ms)[0m  [1m[36mbegin transaction[0m
  ↳ app/controllers/profiles_controller.rb:15:in `create'
  [1m[36mProfile Exists? (0.3ms)[0m  [1m[34mSELECT 1 AS one FROM "profiles" WHERE "profiles"."name" = ? LIMIT ?[0m  [["name", "das"], ["LIMIT", 1]]
  ↳ app/controllers/profiles_controller.rb:15:in `create'
  [1m[35m (0.1ms)[0m  [1m[31mrollback transaction[0m
  ↳ app/controllers/profiles_controller.rb:15:in `create'
Redirected to http://localhost:3000/profiles
Completed 200 OK in 14ms (ActiveRecord: 0.7ms | Allocations: 5405)


Started GET "/profiles" for 127.0.0.1 at 2020-05-12 20:01:11 -0300
Processing by ProfilesController#index as HTML
  [1m[36mUser Load (0.1ms)[0m  [1m[34mSELECT "users".* FROM "users" WHERE "users"."id" = ? ORDER BY "users"."id" ASC LIMIT ?[0m  [["id", 3], ["LIMIT", 1]]
  Rendering profiles/index.html.erb within layouts/application
  Rendered profiles/index.html.erb within layouts/application (Duration: 0.5ms | Allocations: 67)
[Webpacker] Everything's up-to-date. Nothing to do
Completed 200 OK in 12ms (Views: 8.1ms | ActiveRecord: 0.1ms | Allocations: 4946)


Started GET "/" for 127.0.0.1 at 2020-05-12 20:01:14 -0300
Processing by HomeController#index as HTML
  [1m[36mUser Load (0.2ms)[0m  [1m[34mSELECT "users".* FROM "users" WHERE "users"."id" = ? ORDER BY "users"."id" ASC LIMIT ?[0m  [["id", 3], ["LIMIT", 1]]
  Rendering home/index.html.erb within layouts/application
  Rendered home/index.html.erb within layouts/application (Duration: 3.6ms | Allocations: 1196)
[Webpacker] Everything's up-to-date. Nothing to do
Completed 200 OK in 17ms (Views: 11.0ms | ActiveRecord: 0.2ms | Allocations: 6512)


Started GET "/profiles/new" for 127.0.0.1 at 2020-05-12 20:01:15 -0300
Processing by ProfilesController#new as HTML
  [1m[36mUser Load (0.1ms)[0m  [1m[34mSELECT "users".* FROM "users" WHERE "users"."id" = ? ORDER BY "users"."id" ASC LIMIT ?[0m  [["id", 3], ["LIMIT", 1]]
  Rendering profiles/new.html.erb within layouts/application
  Rendered profiles/new.html.erb within layouts/application (Duration: 5.1ms | Allocations: 1416)
[Webpacker] Everything's up-to-date. Nothing to do
Completed 200 OK in 17ms (Views: 13.3ms | ActiveRecord: 0.1ms | Allocations: 6163)


Started POST "/profiles" for 127.0.0.1 at 2020-05-12 20:01:18 -0300
Processing by ProfilesController#create as JS
  Parameters: {"authenticity_token"=>"6KAIzoLWIoVL3ftyPMVtE7lsqm81bj1symtlYkL5TzTgtiF7WMxOjOULHIj3/Zyl20NTGFO98Q0Rzg0p49g6LA==", "profile"=>{"name"=>"", "social_name"=>"", "birth_date"=>"", "formation"=>"", "experience"=>"", "summary"=>"", "favorite"=>""}, "commit"=>"Enviar"}
  [1m[36mUser Load (0.1ms)[0m  [1m[34mSELECT "users".* FROM "users" WHERE "users"."id" = ? ORDER BY "users"."id" ASC LIMIT ?[0m  [["id", 3], ["LIMIT", 1]]
  [1m[35m (0.1ms)[0m  [1m[36mbegin transaction[0m
  ↳ app/controllers/profiles_controller.rb:15:in `create'
  [1m[36mProfile Exists? (0.2ms)[0m  [1m[34mSELECT 1 AS one FROM "profiles" WHERE "profiles"."name" = ? LIMIT ?[0m  [["name", ""], ["LIMIT", 1]]
  ↳ app/controllers/profiles_controller.rb:15:in `create'
  [1m[35m (0.1ms)[0m  [1m[31mrollback transaction[0m
  ↳ app/controllers/profiles_controller.rb:15:in `create'
Redirected to http://localhost:3000/profiles
Completed 200 OK in 12ms (ActiveRecord: 0.6ms | Allocations: 5471)


Started GET "/profiles" for 127.0.0.1 at 2020-05-12 20:01:19 -0300
Processing by ProfilesController#index as HTML
  [1m[36mUser Load (0.1ms)[0m  [1m[34mSELECT "users".* FROM "users" WHERE "users"."id" = ? ORDER BY "users"."id" ASC LIMIT ?[0m  [["id", 3], ["LIMIT", 1]]
  Rendering profiles/index.html.erb within layouts/application
  Rendered profiles/index.html.erb within layouts/application (Duration: 0.0ms | Allocations: 5)
[Webpacker] Everything's up-to-date. Nothing to do
Completed 200 OK in 9ms (Views: 5.6ms | ActiveRecord: 0.1ms | Allocations: 4735)


Started GET "/profiles/new" for 127.0.0.1 at 2020-05-12 20:01:21 -0300
Processing by ProfilesController#new as HTML
  [1m[36mUser Load (0.2ms)[0m  [1m[34mSELECT "users".* FROM "users" WHERE "users"."id" = ? ORDER BY "users"."id" ASC LIMIT ?[0m  [["id", 3], ["LIMIT", 1]]
  Rendering profiles/new.html.erb within layouts/application
  Rendered profiles/new.html.erb within layouts/application (Duration: 6.3ms | Allocations: 1412)
[Webpacker] Everything's up-to-date. Nothing to do
Completed 200 OK in 21ms (Views: 15.8ms | ActiveRecord: 0.2ms | Allocations: 6129)


Started GET "/profiles/new" for 127.0.0.1 at 2020-05-12 20:02:20 -0300
  [1m[35m (0.1ms)[0m  [1m[34mSELECT sqlite_version(*)[0m
Processing by ProfilesController#new as HTML
  [1m[36mUser Load (0.2ms)[0m  [1m[34mSELECT "users".* FROM "users" WHERE "users"."id" = ? ORDER BY "users"."id" ASC LIMIT ?[0m  [["id", 3], ["LIMIT", 1]]
  Rendering profiles/new.html.erb within layouts/application
  Rendered profiles/new.html.erb within layouts/application (Duration: 4.2ms | Allocations: 1481)
[Webpacker] Everything's up-to-date. Nothing to do
Completed 200 OK in 51ms (Views: 13.1ms | ActiveRecord: 2.2ms | Allocations: 17341)


Started POST "/profiles" for 127.0.0.1 at 2020-05-12 20:02:21 -0300
Processing by ProfilesController#create as JS
  Parameters: {"authenticity_token"=>"d652tP/3sa5wD+RwL6w9DgVuJkK8W1oytYVWeSzJGchQiwOk5MmLss6ckqC9zXVyX/X5rZ30HXNGswaH4CTjtQ==", "profile"=>{"name"=>"das", "social_name"=>"dsada", "birth_date"=>"", "formation"=>"s", "experience"=>"", "summary"=>"", "favorite"=>""}, "commit"=>"Enviar"}
  [1m[36mUser Load (0.1ms)[0m  [1m[34mSELECT "users".* FROM "users" WHERE "users"."id" = ? ORDER BY "users"."id" ASC LIMIT ?[0m  [["id", 3], ["LIMIT", 1]]
  [1m[35m (0.1ms)[0m  [1m[36mbegin transaction[0m
  ↳ app/controllers/profiles_controller.rb:15:in `create'
  [1m[36mProfile Exists? (0.3ms)[0m  [1m[34mSELECT 1 AS one FROM "profiles" WHERE "profiles"."name" = ? LIMIT ?[0m  [["name", "das"], ["LIMIT", 1]]
  ↳ app/controllers/profiles_controller.rb:15:in `create'
  [1m[35m (0.1ms)[0m  [1m[31mrollback transaction[0m
  ↳ app/controllers/profiles_controller.rb:15:in `create'
  Rendering profiles/new.html.erb within layouts/application
  Rendered profiles/new.html.erb within layouts/application (Duration: 7.4ms | Allocations: 2356)
Completed 500 Internal Server Error in 24ms (ActiveRecord: 0.6ms | Allocations: 7750)


  
ActionView::Template::Error (undefined method `eaph' for #<Array:0x000055df27348d50>
Did you mean?  each):
    1: <h1>Meu perfil</h1>
    2: <% if @profile.errors.any? %>
    3:   <ul>
    4:     <% @profile.errors.full_messages.eaph do |message| %>
    5:     <li><%= message %></li>
    6:     <% end %>
    7:   </ul>
  
app/views/profiles/new.html.erb:4
app/controllers/profiles_controller.rb:19:in `create'
Started POST "/profiles" for 127.0.0.1 at 2020-05-12 20:02:23 -0300
Processing by ProfilesController#create as JS
  Parameters: {"authenticity_token"=>"d652tP/3sa5wD+RwL6w9DgVuJkK8W1oytYVWeSzJGchQiwOk5MmLss6ckqC9zXVyX/X5rZ30HXNGswaH4CTjtQ==", "profile"=>{"name"=>"das", "social_name"=>"dsada", "birth_date"=>"", "formation"=>"s", "experience"=>"", "summary"=>"", "favorite"=>""}, "commit"=>"Enviar"}
  [1m[36mUser Load (0.1ms)[0m  [1m[34mSELECT "users".* FROM "users" WHERE "users"."id" = ? ORDER BY "users"."id" ASC LIMIT ?[0m  [["id", 3], ["LIMIT", 1]]
  [1m[35m (0.1ms)[0m  [1m[36mbegin transaction[0m
  ↳ app/controllers/profiles_controller.rb:15:in `create'
  [1m[36mProfile Exists? (0.3ms)[0m  [1m[34mSELECT 1 AS one FROM "profiles" WHERE "profiles"."name" = ? LIMIT ?[0m  [["name", "das"], ["LIMIT", 1]]
  ↳ app/controllers/profiles_controller.rb:15:in `create'
  [1m[35m (0.1ms)[0m  [1m[31mrollback transaction[0m
  ↳ app/controllers/profiles_controller.rb:15:in `create'
  Rendering profiles/new.html.erb within layouts/application
  Rendered profiles/new.html.erb within layouts/application (Duration: 2.8ms | Allocations: 2068)
Completed 500 Internal Server Error in 15ms (ActiveRecord: 0.6ms | Allocations: 7305)


  
ActionView::Template::Error (undefined method `eaph' for #<Array:0x000055df28980b68>
Did you mean?  each):
    1: <h1>Meu perfil</h1>
    2: <% if @profile.errors.any? %>
    3:   <ul>
    4:     <% @profile.errors.full_messages.eaph do |message| %>
    5:     <li><%= message %></li>
    6:     <% end %>
    7:   </ul>
  
app/views/profiles/new.html.erb:4
app/controllers/profiles_controller.rb:19:in `create'
Started POST "/profiles" for 127.0.0.1 at 2020-05-12 20:02:23 -0300
Processing by ProfilesController#create as JS
  Parameters: {"authenticity_token"=>"d652tP/3sa5wD+RwL6w9DgVuJkK8W1oytYVWeSzJGchQiwOk5MmLss6ckqC9zXVyX/X5rZ30HXNGswaH4CTjtQ==", "profile"=>{"name"=>"das", "social_name"=>"dsada", "birth_date"=>"", "formation"=>"s", "experience"=>"", "summary"=>"", "favorite"=>""}, "commit"=>"Enviar"}
  [1m[36mUser Load (0.1ms)[0m  [1m[34mSELECT "users".* FROM "users" WHERE "users"."id" = ? ORDER BY "users"."id" ASC LIMIT ?[0m  [["id", 3], ["LIMIT", 1]]
  [1m[35m (0.1ms)[0m  [1m[36mbegin transaction[0m
  ↳ app/controllers/profiles_controller.rb:15:in `create'
  [1m[36mProfile Exists? (0.2ms)[0m  [1m[34mSELECT 1 AS one FROM "profiles" WHERE "profiles"."name" = ? LIMIT ?[0m  [["name", "das"], ["LIMIT", 1]]
  ↳ app/controllers/profiles_controller.rb:15:in `create'
  [1m[35m (0.1ms)[0m  [1m[31mrollback transaction[0m
  ↳ app/controllers/profiles_controller.rb:15:in `create'
  Rendering profiles/new.html.erb within layouts/application
  Rendered profiles/new.html.erb within layouts/application (Duration: 3.2ms | Allocations: 2063)
Completed 500 Internal Server Error in 14ms (ActiveRecord: 0.5ms | Allocations: 7209)


  
ActionView::Template::Error (undefined method `eaph' for #<Array:0x000055df28e11ee8>
Did you mean?  each):
    1: <h1>Meu perfil</h1>
    2: <% if @profile.errors.any? %>
    3:   <ul>
    4:     <% @profile.errors.full_messages.eaph do |message| %>
    5:     <li><%= message %></li>
    6:     <% end %>
    7:   </ul>
  
app/views/profiles/new.html.erb:4
app/controllers/profiles_controller.rb:19:in `create'
Started POST "/profiles" for 127.0.0.1 at 2020-05-12 20:02:24 -0300
Processing by ProfilesController#create as JS
  Parameters: {"authenticity_token"=>"d652tP/3sa5wD+RwL6w9DgVuJkK8W1oytYVWeSzJGchQiwOk5MmLss6ckqC9zXVyX/X5rZ30HXNGswaH4CTjtQ==", "profile"=>{"name"=>"das", "social_name"=>"dsada", "birth_date"=>"", "formation"=>"s", "experience"=>"", "summary"=>"", "favorite"=>""}, "commit"=>"Enviar"}
  [1m[36mUser Load (0.1ms)[0m  [1m[34mSELECT "users".* FROM "users" WHERE "users"."id" = ? ORDER BY "users"."id" ASC LIMIT ?[0m  [["id", 3], ["LIMIT", 1]]
  [1m[35m (0.1ms)[0m  [1m[36mbegin transaction[0m
  ↳ app/controllers/profiles_controller.rb:15:in `create'
  [1m[36mProfile Exists? (0.2ms)[0m  [1m[34mSELECT 1 AS one FROM "profiles" WHERE "profiles"."name" = ? LIMIT ?[0m  [["name", "das"], ["LIMIT", 1]]
  ↳ app/controllers/profiles_controller.rb:15:in `create'
  [1m[35m (0.1ms)[0m  [1m[31mrollback transaction[0m
  ↳ app/controllers/profiles_controller.rb:15:in `create'
  Rendering profiles/new.html.erb within layouts/application
  Rendered profiles/new.html.erb within layouts/application (Duration: 3.1ms | Allocations: 2063)
Completed 500 Internal Server Error in 14ms (ActiveRecord: 0.5ms | Allocations: 7209)


  
ActionView::Template::Error (undefined method `eaph' for #<Array:0x000055df28ee82e0>
Did you mean?  each):
    1: <h1>Meu perfil</h1>
    2: <% if @profile.errors.any? %>
    3:   <ul>
    4:     <% @profile.errors.full_messages.eaph do |message| %>
    5:     <li><%= message %></li>
    6:     <% end %>
    7:   </ul>
  
app/views/profiles/new.html.erb:4
app/controllers/profiles_controller.rb:19:in `create'
Started POST "/profiles" for 127.0.0.1 at 2020-05-12 20:02:49 -0300
Processing by ProfilesController#create as JS
  Parameters: {"authenticity_token"=>"d652tP/3sa5wD+RwL6w9DgVuJkK8W1oytYVWeSzJGchQiwOk5MmLss6ckqC9zXVyX/X5rZ30HXNGswaH4CTjtQ==", "profile"=>{"name"=>"das", "social_name"=>"dsada", "birth_date"=>"", "formation"=>"s", "experience"=>"", "summary"=>"", "favorite"=>""}, "commit"=>"Enviar"}
  [1m[36mUser Load (0.1ms)[0m  [1m[34mSELECT "users".* FROM "users" WHERE "users"."id" = ? ORDER BY "users"."id" ASC LIMIT ?[0m  [["id", 3], ["LIMIT", 1]]
  [1m[35m (0.1ms)[0m  [1m[36mbegin transaction[0m
  ↳ app/controllers/profiles_controller.rb:15:in `create'
  [1m[36mProfile Exists? (0.2ms)[0m  [1m[34mSELECT 1 AS one FROM "profiles" WHERE "profiles"."name" = ? LIMIT ?[0m  [["name", "das"], ["LIMIT", 1]]
  ↳ app/controllers/profiles_controller.rb:15:in `create'
  [1m[35m (0.1ms)[0m  [1m[31mrollback transaction[0m
  ↳ app/controllers/profiles_controller.rb:15:in `create'
  Rendering profiles/new.html.erb within layouts/application
  Rendered profiles/new.html.erb within layouts/application (Duration: 5.1ms | Allocations: 2062)
[Webpacker] Everything's up-to-date. Nothing to do
Completed 200 OK in 24ms (Views: 14.8ms | ActiveRecord: 0.5ms | Allocations: 11252)


Started POST "/profiles" for 127.0.0.1 at 2020-05-12 20:02:50 -0300
Processing by ProfilesController#create as JS
  Parameters: {"authenticity_token"=>"d652tP/3sa5wD+RwL6w9DgVuJkK8W1oytYVWeSzJGchQiwOk5MmLss6ckqC9zXVyX/X5rZ30HXNGswaH4CTjtQ==", "profile"=>{"name"=>"das", "social_name"=>"dsada", "birth_date"=>"", "formation"=>"s", "experience"=>"", "summary"=>"", "favorite"=>""}, "commit"=>"Enviar"}
  [1m[36mUser Load (0.2ms)[0m  [1m[34mSELECT "users".* FROM "users" WHERE "users"."id" = ? ORDER BY "users"."id" ASC LIMIT ?[0m  [["id", 3], ["LIMIT", 1]]
  [1m[35m (0.1ms)[0m  [1m[36mbegin transaction[0m
  ↳ app/controllers/profiles_controller.rb:15:in `create'
  [1m[36mProfile Exists? (0.2ms)[0m  [1m[34mSELECT 1 AS one FROM "profiles" WHERE "profiles"."name" = ? LIMIT ?[0m  [["name", "das"], ["LIMIT", 1]]
  ↳ app/controllers/profiles_controller.rb:15:in `create'
  [1m[35m (0.1ms)[0m  [1m[31mrollback transaction[0m
  ↳ app/controllers/profiles_controller.rb:15:in `create'
  Rendering profiles/new.html.erb within layouts/application
  Rendered profiles/new.html.erb within layouts/application (Duration: 4.7ms | Allocations: 1578)
[Webpacker] Everything's up-to-date. Nothing to do
Completed 200 OK in 22ms (Views: 11.8ms | ActiveRecord: 0.6ms | Allocations: 9492)


Started GET "/profiles/new" for 127.0.0.1 at 2020-05-12 20:02:51 -0300
Processing by ProfilesController#new as HTML
  [1m[36mUser Load (0.2ms)[0m  [1m[34mSELECT "users".* FROM "users" WHERE "users"."id" = ? ORDER BY "users"."id" ASC LIMIT ?[0m  [["id", 3], ["LIMIT", 1]]
  Rendering profiles/new.html.erb within layouts/application
  Rendered profiles/new.html.erb within layouts/application (Duration: 4.4ms | Allocations: 1399)
[Webpacker] Everything's up-to-date. Nothing to do
Completed 200 OK in 16ms (Views: 11.4ms | ActiveRecord: 0.2ms | Allocations: 6226)


Started POST "/profiles" for 127.0.0.1 at 2020-05-12 20:02:53 -0300
Processing by ProfilesController#create as HTML
  Parameters: {"authenticity_token"=>"nPLgGZJAOOUcy27RzT7dAHI4W/d75SPA8qeCznJD+8+715UJiX4C+aJYGAFfX5V8KKOEGFpKZIEBkdIwvq4Bsg==", "profile"=>{"name"=>"das", "social_name"=>"dsada", "birth_date"=>"", "formation"=>"s", "experience"=>"", "summary"=>"", "favorite"=>""}, "commit"=>"Enviar"}
  [1m[36mUser Load (0.1ms)[0m  [1m[34mSELECT "users".* FROM "users" WHERE "users"."id" = ? ORDER BY "users"."id" ASC LIMIT ?[0m  [["id", 3], ["LIMIT", 1]]
  [1m[35m (0.1ms)[0m  [1m[36mbegin transaction[0m
  ↳ app/controllers/profiles_controller.rb:15:in `create'
  [1m[36mProfile Exists? (0.2ms)[0m  [1m[34mSELECT 1 AS one FROM "profiles" WHERE "profiles"."name" = ? LIMIT ?[0m  [["name", "das"], ["LIMIT", 1]]
  ↳ app/controllers/profiles_controller.rb:15:in `create'
  [1m[35m (0.1ms)[0m  [1m[31mrollback transaction[0m
  ↳ app/controllers/profiles_controller.rb:15:in `create'
  Rendering profiles/new.html.erb within layouts/application
  Rendered profiles/new.html.erb within layouts/application (Duration: 4.1ms | Allocations: 1573)
[Webpacker] Everything's up-to-date. Nothing to do
Completed 200 OK in 20ms (Views: 9.8ms | ActiveRecord: 0.5ms | Allocations: 9503)


Started GET "/profiles" for 127.0.0.1 at 2020-05-12 20:03:21 -0300
  [1m[35m (0.1ms)[0m  [1m[34mSELECT sqlite_version(*)[0m
Processing by ProfilesController#index as HTML
  [1m[36mUser Load (0.2ms)[0m  [1m[34mSELECT "users".* FROM "users" WHERE "users"."id" = ? ORDER BY "users"."id" ASC LIMIT ?[0m  [["id", 3], ["LIMIT", 1]]
  Rendering profiles/index.html.erb within layouts/application
  Rendered profiles/index.html.erb within layouts/application (Duration: 0.5ms | Allocations: 79)
[Webpacker] Everything's up-to-date. Nothing to do
Completed 200 OK in 29ms (Views: 8.1ms | ActiveRecord: 1.1ms | Allocations: 10530)


Started GET "/profiles/new" for 127.0.0.1 at 2020-05-12 20:03:23 -0300
Processing by ProfilesController#new as HTML
  [1m[36mUser Load (0.1ms)[0m  [1m[34mSELECT "users".* FROM "users" WHERE "users"."id" = ? ORDER BY "users"."id" ASC LIMIT ?[0m  [["id", 3], ["LIMIT", 1]]
  Rendering profiles/new.html.erb within layouts/application
  Rendered profiles/new.html.erb within layouts/application (Duration: 3.6ms | Allocations: 1483)
[Webpacker] Everything's up-to-date. Nothing to do
Completed 200 OK in 27ms (Views: 10.3ms | ActiveRecord: 0.9ms | Allocations: 11815)


Started GET "/profiles/new" for 127.0.0.1 at 2020-05-12 20:03:24 -0300
Processing by ProfilesController#new as HTML
  [1m[36mUser Load (0.1ms)[0m  [1m[34mSELECT "users".* FROM "users" WHERE "users"."id" = ? ORDER BY "users"."id" ASC LIMIT ?[0m  [["id", 3], ["LIMIT", 1]]
  Rendering profiles/new.html.erb within layouts/application
  Rendered profiles/new.html.erb within layouts/application (Duration: 3.2ms | Allocations: 1399)
[Webpacker] Everything's up-to-date. Nothing to do
Completed 200 OK in 12ms (Views: 9.2ms | ActiveRecord: 0.1ms | Allocations: 6116)


Started POST "/profiles" for 127.0.0.1 at 2020-05-12 20:03:29 -0300
Processing by ProfilesController#create as HTML
  Parameters: {"authenticity_token"=>"thtqLuP6djeeGmgfnLsvn9R2RILQVUPZce9CKCFcrdCRPh8++MRMKyCJHs8O2mfjju2bbfH6BJiC2RLW7bFXrQ==", "profile"=>{"name"=>"", "social_name"=>"dsada", "birth_date"=>"", "formation"=>"s", "experience"=>"", "summary"=>"", "favorite"=>""}, "commit"=>"Enviar"}
  [1m[36mUser Load (0.1ms)[0m  [1m[34mSELECT "users".* FROM "users" WHERE "users"."id" = ? ORDER BY "users"."id" ASC LIMIT ?[0m  [["id", 3], ["LIMIT", 1]]
  [1m[35m (0.1ms)[0m  [1m[36mbegin transaction[0m
  ↳ app/controllers/profiles_controller.rb:15:in `create'
  [1m[36mProfile Exists? (0.3ms)[0m  [1m[34mSELECT 1 AS one FROM "profiles" WHERE "profiles"."name" = ? LIMIT ?[0m  [["name", ""], ["LIMIT", 1]]
  ↳ app/controllers/profiles_controller.rb:15:in `create'
  [1m[35m (0.1ms)[0m  [1m[31mrollback transaction[0m
  ↳ app/controllers/profiles_controller.rb:15:in `create'
  Rendering profiles/new.html.erb within layouts/application
  Rendered profiles/new.html.erb within layouts/application (Duration: 5.2ms | Allocations: 1793)
[Webpacker] Everything's up-to-date. Nothing to do
Completed 200 OK in 23ms (Views: 11.3ms | ActiveRecord: 0.6ms | Allocations: 10113)


